2017-12-05 12:05:27: Peer 1002 is started
2017-12-05 12:05:45: Peer 1002 HANDSHAKE has been sent...
2017-12-05 12:05:45: Peer 1002 makes a connection to Peer 1001
2017-12-05 12:05:45: Peer 1002 Received a HANDSHAKE message from Peer 1001
2017-12-05 12:05:46: Peer 1002 sending an INTERESTED message to Peer 1001
2017-12-05 12:05:47: Peer 1002 is UNCHOKED by Peer 1001
2017-12-05 12:05:47: Peer 1002 has downloaded the PIECE 0 from Peer 1001. Now the number of pieces it has is 1
2017-12-05 12:05:48: Peer 1002 has downloaded the PIECE 1 from Peer 1001. Now the number of pieces it has is 2
2017-12-05 12:05:48: Peer 1002 has downloaded the PIECE 2 from Peer 1001. Now the number of pieces it has is 3
2017-12-05 12:05:49: Peer 1002 has downloaded the PIECE 3 from Peer 1001. Now the number of pieces it has is 4
2017-12-05 12:05:49: Peer 1002 has downloaded the PIECE 4 from Peer 1001. Now the number of pieces it has is 5
2017-12-05 12:05:50: Peer 1002 has downloaded the PIECE 5 from Peer 1001. Now the number of pieces it has is 6
2017-12-05 12:05:50: Peer 1002 has downloaded the PIECE 6 from Peer 1001. Now the number of pieces it has is 7
2017-12-05 12:05:51: Peer 1002 has downloaded the PIECE 7 from Peer 1001. Now the number of pieces it has is 8
2017-12-05 12:05:51: Peer 1002 has downloaded the PIECE 8 from Peer 1001. Now the number of pieces it has is 9
2017-12-05 12:05:52: Peer 1002 has downloaded the PIECE 9 from Peer 1001. Now the number of pieces it has is 10
2017-12-05 12:05:52: Peer 1002 has downloaded the PIECE 10 from Peer 1001. Now the number of pieces it has is 11
2017-12-05 12:05:53: Peer 1002 has downloaded the PIECE 11 from Peer 1001. Now the number of pieces it has is 12
2017-12-05 12:05:53: Peer 1002 has downloaded the PIECE 12 from Peer 1001. Now the number of pieces it has is 13
2017-12-05 12:05:54: Peer 1002 has downloaded the PIECE 13 from Peer 1001. Now the number of pieces it has is 14
2017-12-05 12:05:54: Peer 1002 has downloaded the PIECE 14 from Peer 1001. Now the number of pieces it has is 15
2017-12-05 12:05:55: Peer 1002 has downloaded the PIECE 15 from Peer 1001. Now the number of pieces it has is 16
2017-12-05 12:05:55: Peer 1002 has downloaded the PIECE 16 from Peer 1001. Now the number of pieces it has is 17
2017-12-05 12:05:56: Peer 1002 has downloaded the PIECE 17 from Peer 1001. Now the number of pieces it has is 18
2017-12-05 12:05:56: Peer 1002 has downloaded the PIECE 18 from Peer 1001. Now the number of pieces it has is 19
2017-12-05 12:05:57: Peer 1002 has downloaded the PIECE 19 from Peer 1001. Now the number of pieces it has is 20
2017-12-05 12:05:57: Peer 1002 has downloaded the PIECE 20 from Peer 1001. Now the number of pieces it has is 21
2017-12-05 12:05:58: Peer 1002 has downloaded the PIECE 21 from Peer 1001. Now the number of pieces it has is 22
2017-12-05 12:05:58: Peer 1002 has downloaded the PIECE 22 from Peer 1001. Now the number of pieces it has is 23
2017-12-05 12:05:59: Peer 1002 has downloaded the PIECE 23 from Peer 1001. Now the number of pieces it has is 24
2017-12-05 12:05:59: Peer 1002 has downloaded the PIECE 24 from Peer 1001. Now the number of pieces it has is 25
2017-12-05 12:06:00: Peer 1002 has downloaded the PIECE 25 from Peer 1001. Now the number of pieces it has is 26
2017-12-05 12:06:00: Peer 1002 has downloaded the PIECE 26 from Peer 1001. Now the number of pieces it has is 27
2017-12-05 12:06:01: Peer 1002 has downloaded the PIECE 27 from Peer 1001. Now the number of pieces it has is 28
2017-12-05 12:06:01: Peer 1002 has downloaded the PIECE 28 from Peer 1001. Now the number of pieces it has is 29
2017-12-05 12:06:02: Peer 1002 has downloaded the PIECE 29 from Peer 1001. Now the number of pieces it has is 30
2017-12-05 12:06:02: Peer 1002 has downloaded the PIECE 30 from Peer 1001. Now the number of pieces it has is 31
2017-12-05 12:06:03: Peer 1002 has downloaded the PIECE 31 from Peer 1001. Now the number of pieces it has is 32
2017-12-05 12:06:03: Peer 1002 has downloaded the PIECE 32 from Peer 1001. Now the number of pieces it has is 33
2017-12-05 12:06:04: Peer 1002 has downloaded the PIECE 33 from Peer 1001. Now the number of pieces it has is 34
2017-12-05 12:06:04: Peer 1002 has downloaded the PIECE 34 from Peer 1001. Now the number of pieces it has is 35
2017-12-05 12:06:05: Peer 1002 has downloaded the PIECE 35 from Peer 1001. Now the number of pieces it has is 36
2017-12-05 12:06:05: Peer 1002 has downloaded the PIECE 36 from Peer 1001. Now the number of pieces it has is 37
2017-12-05 12:06:06: Peer 1002 has downloaded the PIECE 37 from Peer 1001. Now the number of pieces it has is 38
2017-12-05 12:06:06: Peer 1002 has downloaded the PIECE 38 from Peer 1001. Now the number of pieces it has is 39
2017-12-05 12:06:07: Peer 1002 has downloaded the PIECE 39 from Peer 1001. Now the number of pieces it has is 40
2017-12-05 12:06:07: Peer 1002 has downloaded the PIECE 40 from Peer 1001. Now the number of pieces it has is 41
2017-12-05 12:06:08: Peer 1002 has downloaded the PIECE 41 from Peer 1001. Now the number of pieces it has is 42
2017-12-05 12:06:08: Peer 1002 has downloaded the PIECE 42 from Peer 1001. Now the number of pieces it has is 43
2017-12-05 12:06:09: Peer 1002 has downloaded the PIECE 43 from Peer 1001. Now the number of pieces it has is 44
2017-12-05 12:06:09: Peer 1002 has downloaded the PIECE 44 from Peer 1001. Now the number of pieces it has is 45
2017-12-05 12:06:10: Peer 1002 has downloaded the PIECE 45 from Peer 1001. Now the number of pieces it has is 46
2017-12-05 12:06:10: Peer 1002 has downloaded the PIECE 46 from Peer 1001. Now the number of pieces it has is 47
2017-12-05 12:06:11: Peer 1002 has downloaded the PIECE 47 from Peer 1001. Now the number of pieces it has is 48
2017-12-05 12:06:11: Peer 1002 has downloaded the PIECE 48 from Peer 1001. Now the number of pieces it has is 49
2017-12-05 12:06:12: Peer 1002 has downloaded the PIECE 49 from Peer 1001. Now the number of pieces it has is 50
2017-12-05 12:06:12: Peer 1002 has downloaded the PIECE 50 from Peer 1001. Now the number of pieces it has is 51
2017-12-05 12:06:13: Peer 1002 has downloaded the PIECE 51 from Peer 1001. Now the number of pieces it has is 52
2017-12-05 12:06:13: Peer 1002 has downloaded the PIECE 52 from Peer 1001. Now the number of pieces it has is 53
2017-12-05 12:06:14: Peer 1002 has downloaded the PIECE 53 from Peer 1001. Now the number of pieces it has is 54
2017-12-05 12:06:14: Peer 1002 has downloaded the PIECE 54 from Peer 1001. Now the number of pieces it has is 55
2017-12-05 12:06:15: Peer 1002 has downloaded the PIECE 55 from Peer 1001. Now the number of pieces it has is 56
2017-12-05 12:06:15: Peer 1002 has downloaded the PIECE 56 from Peer 1001. Now the number of pieces it has is 57
2017-12-05 12:06:16: Peer 1002 has downloaded the PIECE 57 from Peer 1001. Now the number of pieces it has is 58
2017-12-05 12:06:16: Peer 1002 has downloaded the PIECE 58 from Peer 1001. Now the number of pieces it has is 59
2017-12-05 12:06:17: Peer 1002 has downloaded the PIECE 59 from Peer 1001. Now the number of pieces it has is 60
2017-12-05 12:06:17: Peer 1002 has downloaded the PIECE 60 from Peer 1001. Now the number of pieces it has is 61
2017-12-05 12:06:18: Peer 1002 has downloaded the PIECE 61 from Peer 1001. Now the number of pieces it has is 62
2017-12-05 12:06:18: Peer 1002 has downloaded the PIECE 62 from Peer 1001. Now the number of pieces it has is 63
2017-12-05 12:06:19: Peer 1002 has downloaded the PIECE 63 from Peer 1001. Now the number of pieces it has is 64
2017-12-05 12:06:19: Peer 1002 has downloaded the PIECE 64 from Peer 1001. Now the number of pieces it has is 65
2017-12-05 12:06:20: Peer 1002 has downloaded the PIECE 65 from Peer 1001. Now the number of pieces it has is 66
2017-12-05 12:06:20: Peer 1002 has downloaded the PIECE 66 from Peer 1001. Now the number of pieces it has is 67
2017-12-05 12:06:21: Peer 1002 has downloaded the PIECE 67 from Peer 1001. Now the number of pieces it has is 68
2017-12-05 12:06:21: Peer 1002 has downloaded the PIECE 68 from Peer 1001. Now the number of pieces it has is 69
2017-12-05 12:06:22: Peer 1002 has downloaded the PIECE 69 from Peer 1001. Now the number of pieces it has is 70
2017-12-05 12:06:22: Peer 1002 has downloaded the PIECE 70 from Peer 1001. Now the number of pieces it has is 71
2017-12-05 12:06:23: Peer 1002 has downloaded the PIECE 71 from Peer 1001. Now the number of pieces it has is 72
2017-12-05 12:06:23: Peer 1002 has downloaded the PIECE 72 from Peer 1001. Now the number of pieces it has is 73
2017-12-05 12:06:24: Peer 1002 has downloaded the PIECE 73 from Peer 1001. Now the number of pieces it has is 74
2017-12-05 12:06:24: Peer 1002 has downloaded the PIECE 74 from Peer 1001. Now the number of pieces it has is 75
2017-12-05 12:06:25: Peer 1002 has downloaded the PIECE 75 from Peer 1001. Now the number of pieces it has is 76
2017-12-05 12:06:25: Peer 1002 has downloaded the PIECE 76 from Peer 1001. Now the number of pieces it has is 77
2017-12-05 12:06:26: Peer 1002 has downloaded the PIECE 77 from Peer 1001. Now the number of pieces it has is 78
2017-12-05 12:06:27: Peer 1002 has downloaded the PIECE 78 from Peer 1001. Now the number of pieces it has is 79
2017-12-05 12:06:27: Peer 1002 has downloaded the PIECE 79 from Peer 1001. Now the number of pieces it has is 80
2017-12-05 12:06:28: Peer 1002 has downloaded the PIECE 80 from Peer 1001. Now the number of pieces it has is 81
2017-12-05 12:06:28: Peer 1002 has downloaded the PIECE 81 from Peer 1001. Now the number of pieces it has is 82
2017-12-05 12:06:29: Peer 1002 has downloaded the PIECE 82 from Peer 1001. Now the number of pieces it has is 83
2017-12-05 12:06:29: Peer 1002 has downloaded the PIECE 83 from Peer 1001. Now the number of pieces it has is 84
2017-12-05 12:06:30: Peer 1002 has downloaded the PIECE 84 from Peer 1001. Now the number of pieces it has is 85
2017-12-05 12:06:30: Peer 1002 has downloaded the PIECE 85 from Peer 1001. Now the number of pieces it has is 86
2017-12-05 12:06:31: Peer 1002 has downloaded the PIECE 86 from Peer 1001. Now the number of pieces it has is 87
2017-12-05 12:06:31: Peer 1002 Connection is established
2017-12-05 12:06:31: Peer 1002 makes a connection to Peer 1004
2017-12-05 12:06:31: Peer 1002 Received a HANDSHAKE message from Peer 1004
2017-12-05 12:06:31: Peer 1002 HANDSHAKE message has been sent successfully.
2017-12-05 12:06:31: Peer 1002 receieved a BITFIELD message from Peer 1004
2017-12-05 12:06:31: Peer 1002 sending BITFIELD message to Peer 1004
2017-12-05 12:06:31: Peer 1002 has downloaded the PIECE 87 from Peer 1001. Now the number of pieces it has is 88
2017-12-05 12:06:32: Peer 1002 has downloaded the PIECE 88 from Peer 1001. Now the number of pieces it has is 89
2017-12-05 12:06:32: Peer 1002 receieved an INTERESTED message from Peer 1004
2017-12-05 12:06:32: Peer 1002 sending UNCHOKE message to Peer 1004
2017-12-05 12:06:32: Peer 1002 has downloaded the PIECE 89 from Peer 1001. Now the number of pieces it has is 90
2017-12-05 12:06:32: Peer 1002 sending HAVE message to Peer 1004
2017-12-05 12:06:33: Peer 1002 has downloaded the PIECE 90 from Peer 1001. Now the number of pieces it has is 91
2017-12-05 12:06:33: Peer 1002 sending HAVE message to Peer 1004
2017-12-05 12:06:33: Peer 1002 receieved an INTERESTED message from Peer 1004
2017-12-05 12:06:33: Peer 1002 sending UNCHOKE message to Peer 1004
2017-12-05 12:06:33: Peer 1002 has downloaded the PIECE 91 from Peer 1001. Now the number of pieces it has is 92
2017-12-05 12:06:33: Peer 1002 sending HAVE message to Peer 1004
2017-12-05 12:06:34: Peer 1002 has downloaded the PIECE 92 from Peer 1001. Now the number of pieces it has is 93
2017-12-05 12:06:34: Peer 1002 sending HAVE message to Peer 1004
2017-12-05 12:06:34: Peer 1002 Connection is established
2017-12-05 12:06:34: Peer 1002 makes a connection to Peer 1005
2017-12-05 12:06:34: Peer 1002 Received a HANDSHAKE message from Peer 1005
2017-12-05 12:06:34: Peer 1002 HANDSHAKE message has been sent successfully.
2017-12-05 12:06:34: Peer 1002 receieved an INTERESTED message from Peer 1004
2017-12-05 12:06:34: Peer 1002 sending UNCHOKE message to Peer 1004
2017-12-05 12:06:34: Peer 1002 has downloaded the PIECE 93 from Peer 1001. Now the number of pieces it has is 94
2017-12-05 12:06:34: Peer 1002 sending HAVE message to Peer 1004
2017-12-05 12:06:34: Peer 1002 receieved an INTERESTED message from Peer 1004
2017-12-05 12:06:34: Peer 1002 sending UNCHOKE message to Peer 1004
2017-12-05 12:06:34: Peer 1002 receieved a BITFIELD message from Peer 1005
2017-12-05 12:06:34: Peer 1002 sending BITFIELD message to Peer 1005
2017-12-05 12:06:35: Peer 1002 has downloaded the PIECE 94 from Peer 1001. Now the number of pieces it has is 95
2017-12-05 12:06:35: Peer 1002 sending HAVE message to Peer 1004
2017-12-05 12:06:35: Peer 1002 receieved an INTERESTED message from Peer 1005
2017-12-05 12:06:35: Peer 1002 sending UNCHOKE message to Peer 1005
2017-12-05 12:06:35: Peer 1002 is CHOKED by Peer 1001
2017-12-05 12:06:35: Peer 1002 receieved an INTERESTED message from Peer 1004
2017-12-05 12:06:35: Peer 1002 sending UNCHOKE message to Peer 1004
2017-12-05 12:06:35: Peer 1002 sending a PIECE message for piece 0 to Peer 1005
2017-12-05 12:06:36: Peer 1002 sending a PIECE message for piece 6 to Peer 1004
2017-12-05 12:06:36: Peer 1002 sending a PIECE message for piece 1 to Peer 1005
2017-12-05 12:06:36: Peer 1002 sending a PIECE message for piece 7 to Peer 1004
2017-12-05 12:06:36: Peer 1002 sending a PIECE message for piece 2 to Peer 1005
2017-12-05 12:06:37: Peer 1002 sending a PIECE message for piece 8 to Peer 1004
2017-12-05 12:06:37: Peer 1002 sending a PIECE message for piece 3 to Peer 1005
2017-12-05 12:06:37: Peer 1002 sending a PIECE message for piece 9 to Peer 1004
2017-12-05 12:06:37: Peer 1002 sending a PIECE message for piece 4 to Peer 1005
2017-12-05 12:06:38: Peer 1002 sending a PIECE message for piece 10 to Peer 1004
2017-12-05 12:06:38: Peer 1002 sending a PIECE message for piece 5 to Peer 1005
2017-12-05 12:06:38: Peer 1002 sending a PIECE message for piece 11 to Peer 1004
2017-12-05 12:06:38: Peer 1002 sending a PIECE message for piece 6 to Peer 1005
2017-12-05 12:06:39: Peer 1002 sending a PIECE message for piece 12 to Peer 1004
2017-12-05 12:06:39: Peer 1002 sending a PIECE message for piece 7 to Peer 1005
2017-12-05 12:06:39: Peer 1002 sending a PIECE message for piece 13 to Peer 1004
2017-12-05 12:06:39: Peer 1002 sending a PIECE message for piece 8 to Peer 1005
2017-12-05 12:06:40: Peer 1002 sending a PIECE message for piece 14 to Peer 1004
2017-12-05 12:06:40: Peer 1002 sending a PIECE message for piece 9 to Peer 1005
2017-12-05 12:06:40: Peer 1002 sending a PIECE message for piece 15 to Peer 1004
2017-12-05 12:06:40: Peer 1002 sending a PIECE message for piece 10 to Peer 1005
2017-12-05 12:06:41: Peer 1002 sending a PIECE message for piece 16 to Peer 1004
2017-12-05 12:06:41: Peer 1002 sending a PIECE message for piece 11 to Peer 1005
2017-12-05 12:06:41: Peer 1002 sending a PIECE message for piece 12 to Peer 1005
2017-12-05 12:06:41: Peer 1002 sending a PIECE message for piece 17 to Peer 1004
2017-12-05 12:06:42: Peer 1002 sending a PIECE message for piece 13 to Peer 1005
2017-12-05 12:06:42: Peer 1002 sending a PIECE message for piece 18 to Peer 1004
2017-12-05 12:06:42: Peer 1002 sending a PIECE message for piece 14 to Peer 1005
2017-12-05 12:06:42: Peer 1002 sending a PIECE message for piece 20 to Peer 1004
2017-12-05 12:06:43: Peer 1002 sending a PIECE message for piece 15 to Peer 1005
2017-12-05 12:06:43: Peer 1002 sending a PIECE message for piece 21 to Peer 1004
2017-12-05 12:06:43: Peer 1002 sending a PIECE message for piece 16 to Peer 1005
2017-12-05 12:06:43: Peer 1002 sending a PIECE message for piece 22 to Peer 1004
2017-12-05 12:06:44: Peer 1002 sending a PIECE message for piece 17 to Peer 1005
2017-12-05 12:06:44: Peer 1002 sending a PIECE message for piece 23 to Peer 1004
2017-12-05 12:06:44: Peer 1002 sending a PIECE message for piece 18 to Peer 1005
2017-12-05 12:06:44: Peer 1002 sending a PIECE message for piece 24 to Peer 1004
2017-12-05 12:06:45: Peer 1002 sending a PIECE message for piece 19 to Peer 1005
2017-12-05 12:06:45: Peer 1002 sending a PIECE message for piece 25 to Peer 1004
2017-12-05 12:06:45: Peer 1002 sending a PIECE message for piece 20 to Peer 1005
2017-12-05 12:06:45: Peer 1002 sending a PIECE message for piece 26 to Peer 1004
2017-12-05 12:06:46: Peer 1002 sending a PIECE message for piece 21 to Peer 1005
2017-12-05 12:06:46: Peer 1002 sending a PIECE message for piece 27 to Peer 1004
2017-12-05 12:06:46: Peer 1002 sending a PIECE message for piece 22 to Peer 1005
2017-12-05 12:06:46: Peer 1002 sending a PIECE message for piece 28 to Peer 1004
2017-12-05 12:06:47: Peer 1002 sending a PIECE message for piece 23 to Peer 1005
2017-12-05 12:06:47: Peer 1002 sending a PIECE message for piece 29 to Peer 1004
2017-12-05 12:06:47: Peer 1002 sending a PIECE message for piece 24 to Peer 1005
2017-12-05 12:06:47: Peer 1002 sending a PIECE message for piece 30 to Peer 1004
2017-12-05 12:06:48: Peer 1002 sending a PIECE message for piece 25 to Peer 1005
2017-12-05 12:06:48: Peer 1002 sending a PIECE message for piece 31 to Peer 1004
2017-12-05 12:06:48: Peer 1002 sending a PIECE message for piece 26 to Peer 1005
2017-12-05 12:06:48: Peer 1002 sending a PIECE message for piece 32 to Peer 1004
2017-12-05 12:06:49: Peer 1002 sending a PIECE message for piece 27 to Peer 1005
2017-12-05 12:06:49: Peer 1002 sending a PIECE message for piece 33 to Peer 1004
2017-12-05 12:06:49: Peer 1002 sending a PIECE message for piece 28 to Peer 1005
2017-12-05 12:06:49: Peer 1002 sending a PIECE message for piece 34 to Peer 1004
2017-12-05 12:06:50: Peer 1002 sending a PIECE message for piece 29 to Peer 1005
2017-12-05 12:06:50: Peer 1002 sending a PIECE message for piece 35 to Peer 1004
2017-12-05 12:06:50: Peer 1002 sending a PIECE message for piece 30 to Peer 1005
2017-12-05 12:06:50: Peer 1002 sending a PIECE message for piece 36 to Peer 1004
2017-12-05 12:06:51: Peer 1002 sending a PIECE message for piece 31 to Peer 1005
2017-12-05 12:06:51: Peer 1002 sending a PIECE message for piece 37 to Peer 1004
2017-12-05 12:06:51: Peer 1002 sending a PIECE message for piece 32 to Peer 1005
2017-12-05 12:06:51: Peer 1002 sending a PIECE message for piece 38 to Peer 1004
2017-12-05 12:06:52: Peer 1002 sending a PIECE message for piece 33 to Peer 1005
2017-12-05 12:06:52: Peer 1002 sending a PIECE message for piece 39 to Peer 1004
2017-12-05 12:06:52: Peer 1002 sending a PIECE message for piece 40 to Peer 1004
2017-12-05 12:06:52: Peer 1002 sending a PIECE message for piece 34 to Peer 1005
2017-12-05 12:06:53: Peer 1002 sending a PIECE message for piece 41 to Peer 1004
2017-12-05 12:06:53: Peer 1002 sending a PIECE message for piece 35 to Peer 1005
2017-12-05 12:06:53: Peer 1002 sending a PIECE message for piece 42 to Peer 1004
2017-12-05 12:06:53: Peer 1002 sending a PIECE message for piece 36 to Peer 1005
2017-12-05 12:06:54: Peer 1002 sending a PIECE message for piece 43 to Peer 1004
2017-12-05 12:06:54: Peer 1002 sending a PIECE message for piece 37 to Peer 1005
2017-12-05 12:06:54: Peer 1002 sending a PIECE message for piece 38 to Peer 1005
2017-12-05 12:06:54: Peer 1002 sending a PIECE message for piece 44 to Peer 1004
2017-12-05 12:06:55: Peer 1002 sending a PIECE message for piece 45 to Peer 1004
2017-12-05 12:06:55: Peer 1002 sending a PIECE message for piece 39 to Peer 1005
2017-12-05 12:06:55: Peer 1002 sending a PIECE message for piece 46 to Peer 1004
2017-12-05 12:06:55: Peer 1002 sending a PIECE message for piece 40 to Peer 1005
2017-12-05 12:06:56: Peer 1002 sending a PIECE message for piece 47 to Peer 1004
2017-12-05 12:06:56: Peer 1002 sending a PIECE message for piece 41 to Peer 1005
2017-12-05 12:06:56: Peer 1002 sending a PIECE message for piece 48 to Peer 1004
2017-12-05 12:06:56: Peer 1002 sending a PIECE message for piece 42 to Peer 1005
2017-12-05 12:06:57: Peer 1002 sending a PIECE message for piece 49 to Peer 1004
2017-12-05 12:06:57: Peer 1002 sending a PIECE message for piece 43 to Peer 1005
2017-12-05 12:06:57: Peer 1002 sending a PIECE message for piece 50 to Peer 1004
2017-12-05 12:06:57: Peer 1002 sending a PIECE message for piece 44 to Peer 1005
2017-12-05 12:06:58: Peer 1002 sending a PIECE message for piece 51 to Peer 1004
2017-12-05 12:06:58: Peer 1002 sending a PIECE message for piece 45 to Peer 1005
2017-12-05 12:06:58: Peer 1002 sending a PIECE message for piece 52 to Peer 1004
2017-12-05 12:06:59: Peer 1002 sending a PIECE message for piece 46 to Peer 1005
2017-12-05 12:06:59: Peer 1002 sending a PIECE message for piece 53 to Peer 1004
2017-12-05 12:06:59: Peer 1002 sending a PIECE message for piece 47 to Peer 1005
2017-12-05 12:06:59: Peer 1002 sending a PIECE message for piece 54 to Peer 1004
2017-12-05 12:07:00: Peer 1002 sending a PIECE message for piece 48 to Peer 1005
2017-12-05 12:07:00: Peer 1002 sending a PIECE message for piece 55 to Peer 1004
2017-12-05 12:07:00: Peer 1002 sending a PIECE message for piece 49 to Peer 1005
2017-12-05 12:07:00: Peer 1002 sending a PIECE message for piece 56 to Peer 1004
2017-12-05 12:07:01: Peer 1002 sending a PIECE message for piece 50 to Peer 1005
2017-12-05 12:07:01: Peer 1002 sending a PIECE message for piece 57 to Peer 1004
2017-12-05 12:07:01: Peer 1002 sending a PIECE message for piece 51 to Peer 1005
2017-12-05 12:07:01: Peer 1002 sending a PIECE message for piece 58 to Peer 1004
2017-12-05 12:07:02: Peer 1002 sending a PIECE message for piece 52 to Peer 1005
2017-12-05 12:07:02: Peer 1002 sending a PIECE message for piece 59 to Peer 1004
2017-12-05 12:07:02: Peer 1002 sending a PIECE message for piece 53 to Peer 1005
2017-12-05 12:07:02: Peer 1002 sending a PIECE message for piece 60 to Peer 1004
2017-12-05 12:07:03: Peer 1002 sending a PIECE message for piece 54 to Peer 1005
2017-12-05 12:07:03: Peer 1002 sending a PIECE message for piece 61 to Peer 1004
2017-12-05 12:07:03: Peer 1002 sending a PIECE message for piece 62 to Peer 1004
2017-12-05 12:07:03: Peer 1002 sending a PIECE message for piece 55 to Peer 1005
2017-12-05 12:07:04: Peer 1002 sending a PIECE message for piece 63 to Peer 1004
2017-12-05 12:07:04: Peer 1002 sending a PIECE message for piece 56 to Peer 1005
2017-12-05 12:07:04: Peer 1002 sending a PIECE message for piece 64 to Peer 1004
2017-12-05 12:07:04: Peer 1002 sending a PIECE message for piece 57 to Peer 1005
2017-12-05 12:07:05: Peer 1002 sending a PIECE message for piece 65 to Peer 1004
2017-12-05 12:07:05: Peer 1002 sending a PIECE message for piece 58 to Peer 1005
2017-12-05 12:07:05: Peer 1002 sending a PIECE message for piece 66 to Peer 1004
2017-12-05 12:07:05: Peer 1002 sending a PIECE message for piece 59 to Peer 1005
2017-12-05 12:07:06: Peer 1002 sending a PIECE message for piece 67 to Peer 1004
2017-12-05 12:07:06: Peer 1002 sending a PIECE message for piece 60 to Peer 1005
2017-12-05 12:07:06: Peer 1002 sending a PIECE message for piece 68 to Peer 1004
2017-12-05 12:07:06: Peer 1002 sending a PIECE message for piece 61 to Peer 1005
2017-12-05 12:07:07: Peer 1002 sending a PIECE message for piece 69 to Peer 1004
2017-12-05 12:07:07: Peer 1002 sending a PIECE message for piece 62 to Peer 1005
2017-12-05 12:07:07: Peer 1002 sending a PIECE message for piece 70 to Peer 1004
2017-12-05 12:07:07: Peer 1002 sending a PIECE message for piece 63 to Peer 1005
2017-12-05 12:07:08: Peer 1002 sending a PIECE message for piece 71 to Peer 1004
2017-12-05 12:07:08: Peer 1002 sending a PIECE message for piece 64 to Peer 1005
2017-12-05 12:07:08: Peer 1002 sending a PIECE message for piece 72 to Peer 1004
2017-12-05 12:07:08: Peer 1002 sending a PIECE message for piece 65 to Peer 1005
2017-12-05 12:07:09: Peer 1002 sending a PIECE message for piece 73 to Peer 1004
2017-12-05 12:07:09: Peer 1002 sending a PIECE message for piece 66 to Peer 1005
2017-12-05 12:07:09: Peer 1002 sending a PIECE message for piece 74 to Peer 1004
2017-12-05 12:07:09: Peer 1002 sending a PIECE message for piece 67 to Peer 1005
2017-12-05 12:07:09: Peer 1002 sending an INTERESTED message to Peer 1001
2017-12-05 12:07:09: Peer 1002 receieved HAVE message from Peer 1001
2017-12-05 12:07:09: Peer 1002 sending an INTERESTED message to Peer 1001
2017-12-05 12:07:10: Peer 1002 sending a PIECE message for piece 75 to Peer 1004
2017-12-05 12:07:10: Peer 1002 sending a PIECE message for piece 68 to Peer 1005
2017-12-05 12:07:10: Peer 1002 is UNCHOKED by Peer 1001
2017-12-05 12:07:10: Peer 1002 sending a PIECE message for piece 77 to Peer 1004
2017-12-05 12:07:10: Peer 1002 sending a PIECE message for piece 70 to Peer 1005
2017-12-05 12:07:10: Peer 1002 has downloaded the PIECE 95 from Peer 1001. Now the number of pieces it has is 96
2017-12-05 12:07:10: Peer 1002 sending HAVE message to Peer 1005
2017-12-05 12:07:10: Peer 1002 sending HAVE message to Peer 1004
2017-12-05 12:07:11: Peer 1002 receieved an INTERESTED message from Peer 1004
2017-12-05 12:07:11: Peer 1002 sending UNCHOKE message to Peer 1004
2017-12-05 12:07:11: Peer 1002 receieved an INTERESTED message from Peer 1005
2017-12-05 12:07:11: Peer 1002 sending UNCHOKE message to Peer 1005
2017-12-05 12:07:11: Peer 1002 has downloaded the PIECE 96 from Peer 1001. Now the number of pieces it has is 97
2017-12-05 12:07:11: Peer 1002 sending HAVE message to Peer 1005
2017-12-05 12:07:11: Peer 1002 sending HAVE message to Peer 1004
2017-12-05 12:07:11: Peer 1002 receieved an INTERESTED message from Peer 1004
2017-12-05 12:07:11: Peer 1002 sending UNCHOKE message to Peer 1004
2017-12-05 12:07:11: Peer 1002 receieved an INTERESTED message from Peer 1005
2017-12-05 12:07:11: Peer 1002 sending UNCHOKE message to Peer 1005
2017-12-05 12:07:11: Peer 1002 has downloaded the PIECE 97 from Peer 1001. Now the number of pieces it has is 98
2017-12-05 12:07:11: Peer 1002 sending HAVE message to Peer 1005
2017-12-05 12:07:11: Peer 1002 sending HAVE message to Peer 1004
2017-12-05 12:07:12: Peer 1002 receieved an INTERESTED message from Peer 1004
2017-12-05 12:07:12: Peer 1002 sending UNCHOKE message to Peer 1004
2017-12-05 12:07:12: Peer 1002 receieved an INTERESTED message from Peer 1005
2017-12-05 12:07:12: Peer 1002 sending UNCHOKE message to Peer 1005
2017-12-05 12:07:12: Peer 1002 has downloaded the PIECE 98 from Peer 1001. Now the number of pieces it has is 99
2017-12-05 12:07:12: Peer 1002 sending HAVE message to Peer 1005
2017-12-05 12:07:12: Peer 1002 sending HAVE message to Peer 1004
2017-12-05 12:07:12: Peer 1002 receieved an INTERESTED message from Peer 1004
2017-12-05 12:07:12: Peer 1002 sending UNCHOKE message to Peer 1004
2017-12-05 12:07:12: Peer 1002 receieved an INTERESTED message from Peer 1005
2017-12-05 12:07:12: Peer 1002 sending UNCHOKE message to Peer 1005
2017-12-05 12:07:12: Peer 1002 has downloaded the PIECE 99 from Peer 1001. Now the number of pieces it has is 100
2017-12-05 12:07:12: Peer 1002 sending HAVE message to Peer 1005
2017-12-05 12:07:12: Peer 1002 sending HAVE message to Peer 1004
2017-12-05 12:07:13: Peer 1002 receieved an INTERESTED message from Peer 1004
2017-12-05 12:07:13: Peer 1002 sending UNCHOKE message to Peer 1004
2017-12-05 12:07:13: Peer 1002 receieved an INTERESTED message from Peer 1005
2017-12-05 12:07:13: Peer 1002 sending UNCHOKE message to Peer 1005
2017-12-05 12:07:13: Peer 1002 has downloaded the PIECE 100 from Peer 1001. Now the number of pieces it has is 101
2017-12-05 12:07:13: Peer 1002 sending HAVE message to Peer 1005
2017-12-05 12:07:13: Peer 1002 sending HAVE message to Peer 1004
2017-12-05 12:07:13: Peer 1002 receieved an INTERESTED message from Peer 1004
2017-12-05 12:07:13: Peer 1002 sending UNCHOKE message to Peer 1004
2017-12-05 12:07:13: Peer 1002 receieved an INTERESTED message from Peer 1005
2017-12-05 12:07:13: Peer 1002 sending UNCHOKE message to Peer 1005
2017-12-05 12:07:13: Peer 1002 has downloaded the PIECE 101 from Peer 1001. Now the number of pieces it has is 102
2017-12-05 12:07:13: Peer 1002 sending HAVE message to Peer 1005
2017-12-05 12:07:13: Peer 1002 sending HAVE message to Peer 1004
2017-12-05 12:07:14: Peer 1002 receieved an INTERESTED message from Peer 1004
2017-12-05 12:07:14: Peer 1002 sending UNCHOKE message to Peer 1004
2017-12-05 12:07:14: Peer 1002 receieved an INTERESTED message from Peer 1005
2017-12-05 12:07:14: Peer 1002 sending UNCHOKE message to Peer 1005
2017-12-05 12:07:14: Peer 1002 has downloaded the PIECE 102 from Peer 1001. Now the number of pieces it has is 103
2017-12-05 12:07:14: Peer 1002 sending HAVE message to Peer 1005
2017-12-05 12:07:14: Peer 1002 sending HAVE message to Peer 1004
2017-12-05 12:07:14: Peer 1002 receieved an INTERESTED message from Peer 1004
2017-12-05 12:07:14: Peer 1002 sending UNCHOKE message to Peer 1004
2017-12-05 12:07:14: Peer 1002 receieved an INTERESTED message from Peer 1005
2017-12-05 12:07:14: Peer 1002 sending UNCHOKE message to Peer 1005
2017-12-05 12:07:14: Peer 1002 has downloaded the PIECE 103 from Peer 1001. Now the number of pieces it has is 104
2017-12-05 12:07:14: Peer 1002 sending HAVE message to Peer 1005
2017-12-05 12:07:14: Peer 1002 sending HAVE message to Peer 1004
2017-12-05 12:07:15: Peer 1002 receieved an INTERESTED message from Peer 1004
2017-12-05 12:07:15: Peer 1002 sending UNCHOKE message to Peer 1004
2017-12-05 12:07:15: Peer 1002 receieved an INTERESTED message from Peer 1005
2017-12-05 12:07:15: Peer 1002 sending UNCHOKE message to Peer 1005
2017-12-05 12:07:15: Peer 1002 has downloaded the PIECE 104 from Peer 1001. Now the number of pieces it has is 105
2017-12-05 12:07:15: Peer 1002 sending HAVE message to Peer 1005
2017-12-05 12:07:15: Peer 1002 sending HAVE message to Peer 1004
2017-12-05 12:07:15: Peer 1002 receieved an INTERESTED message from Peer 1004
2017-12-05 12:07:15: Peer 1002 sending UNCHOKE message to Peer 1004
2017-12-05 12:07:15: Peer 1002 receieved an INTERESTED message from Peer 1005
2017-12-05 12:07:15: Peer 1002 sending UNCHOKE message to Peer 1005
2017-12-05 12:07:15: Peer 1002 has downloaded the PIECE 105 from Peer 1001. Now the number of pieces it has is 106
2017-12-05 12:07:15: Peer 1002 sending HAVE message to Peer 1005
2017-12-05 12:07:15: Peer 1002 sending HAVE message to Peer 1004
2017-12-05 12:07:16: Peer 1002 receieved an INTERESTED message from Peer 1004
2017-12-05 12:07:16: Peer 1002 sending UNCHOKE message to Peer 1004
2017-12-05 12:07:16: Peer 1002 receieved an INTERESTED message from Peer 1005
2017-12-05 12:07:16: Peer 1002 sending UNCHOKE message to Peer 1005
2017-12-05 12:07:16: Peer 1002 has downloaded the PIECE 106 from Peer 1001. Now the number of pieces it has is 107
2017-12-05 12:07:16: Peer 1002 sending HAVE message to Peer 1005
2017-12-05 12:07:16: Peer 1002 sending HAVE message to Peer 1004
2017-12-05 12:07:16: Peer 1002 receieved an INTERESTED message from Peer 1004
2017-12-05 12:07:16: Peer 1002 sending UNCHOKE message to Peer 1004
2017-12-05 12:07:16: Peer 1002 receieved an INTERESTED message from Peer 1005
2017-12-05 12:07:16: Peer 1002 sending UNCHOKE message to Peer 1005
2017-12-05 12:07:16: Peer 1002 has downloaded the PIECE 107 from Peer 1001. Now the number of pieces it has is 108
2017-12-05 12:07:16: Peer 1002 sending HAVE message to Peer 1005
2017-12-05 12:07:16: Peer 1002 sending HAVE message to Peer 1004
2017-12-05 12:07:17: Peer 1002 receieved an INTERESTED message from Peer 1004
2017-12-05 12:07:17: Peer 1002 sending UNCHOKE message to Peer 1004
2017-12-05 12:07:17: Peer 1002 receieved an INTERESTED message from Peer 1005
2017-12-05 12:07:17: Peer 1002 sending UNCHOKE message to Peer 1005
2017-12-05 12:07:17: Peer 1002 has downloaded the PIECE 108 from Peer 1001. Now the number of pieces it has is 109
2017-12-05 12:07:17: Peer 1002 sending HAVE message to Peer 1005
2017-12-05 12:07:17: Peer 1002 sending HAVE message to Peer 1004
2017-12-05 12:07:17: Peer 1002 receieved an INTERESTED message from Peer 1004
2017-12-05 12:07:17: Peer 1002 sending UNCHOKE message to Peer 1004
2017-12-05 12:07:17: Peer 1002 has downloaded the PIECE 109 from Peer 1001. Now the number of pieces it has is 110
2017-12-05 12:07:18: Peer 1002 sending HAVE message to Peer 1005
2017-12-05 12:07:18: Peer 1002 sending HAVE message to Peer 1004
2017-12-05 12:07:18: Peer 1002 receieved an INTERESTED message from Peer 1005
2017-12-05 12:07:18: Peer 1002 sending UNCHOKE message to Peer 1005
2017-12-05 12:07:18: Peer 1002 receieved an INTERESTED message from Peer 1004
2017-12-05 12:07:18: Peer 1002 sending UNCHOKE message to Peer 1004
2017-12-05 12:07:18: Peer 1002 has downloaded the PIECE 110 from Peer 1001. Now the number of pieces it has is 111
2017-12-05 12:07:18: Peer 1002 sending HAVE message to Peer 1005
2017-12-05 12:07:18: Peer 1002 sending HAVE message to Peer 1004
2017-12-05 12:07:19: Peer 1002 receieved an INTERESTED message from Peer 1004
2017-12-05 12:07:19: Peer 1002 sending UNCHOKE message to Peer 1004
2017-12-05 12:07:19: Peer 1002 has downloaded the PIECE 111 from Peer 1001. Now the number of pieces it has is 112
2017-12-05 12:07:19: Peer 1002 sending HAVE message to Peer 1005
2017-12-05 12:07:19: Peer 1002 sending HAVE message to Peer 1004
2017-12-05 12:07:19: Peer 1002 receieved an INTERESTED message from Peer 1005
2017-12-05 12:07:19: Peer 1002 sending UNCHOKE message to Peer 1005
2017-12-05 12:07:19: Peer 1002 receieved an INTERESTED message from Peer 1004
2017-12-05 12:07:19: Peer 1002 sending UNCHOKE message to Peer 1004
2017-12-05 12:07:19: Peer 1002 has downloaded the PIECE 112 from Peer 1001. Now the number of pieces it has is 113
2017-12-05 12:07:19: Peer 1002 sending HAVE message to Peer 1005
2017-12-05 12:07:19: Peer 1002 sending HAVE message to Peer 1004
2017-12-05 12:07:20: Peer 1002 receieved an INTERESTED message from Peer 1004
2017-12-05 12:07:20: Peer 1002 sending UNCHOKE message to Peer 1004
2017-12-05 12:07:20: Peer 1002 has downloaded the PIECE 113 from Peer 1001. Now the number of pieces it has is 114
2017-12-05 12:07:20: Peer 1002 sending HAVE message to Peer 1005
2017-12-05 12:07:20: Peer 1002 sending HAVE message to Peer 1004
2017-12-05 12:07:20: Peer 1002 receieved an INTERESTED message from Peer 1005
2017-12-05 12:07:20: Peer 1002 sending UNCHOKE message to Peer 1005
2017-12-05 12:07:20: Peer 1002 receieved an INTERESTED message from Peer 1004
2017-12-05 12:07:20: Peer 1002 sending UNCHOKE message to Peer 1004
2017-12-05 12:07:20: Peer 1002 has downloaded the PIECE 114 from Peer 1001. Now the number of pieces it has is 115
2017-12-05 12:07:20: Peer 1002 sending HAVE message to Peer 1005
2017-12-05 12:07:20: Peer 1002 sending HAVE message to Peer 1004
2017-12-05 12:07:21: Peer 1002 receieved an INTERESTED message from Peer 1004
2017-12-05 12:07:21: Peer 1002 sending UNCHOKE message to Peer 1004
2017-12-05 12:07:21: Peer 1002 has downloaded the PIECE 115 from Peer 1001. Now the number of pieces it has is 116
2017-12-05 12:07:21: Peer 1002 sending HAVE message to Peer 1005
2017-12-05 12:07:21: Peer 1002 sending HAVE message to Peer 1004
2017-12-05 12:07:21: Peer 1002 receieved an INTERESTED message from Peer 1005
2017-12-05 12:07:21: Peer 1002 sending UNCHOKE message to Peer 1005
2017-12-05 12:07:21: Peer 1002 receieved an INTERESTED message from Peer 1004
2017-12-05 12:07:21: Peer 1002 sending UNCHOKE message to Peer 1004
2017-12-05 12:07:21: Peer 1002 has downloaded the PIECE 116 from Peer 1001. Now the number of pieces it has is 117
2017-12-05 12:07:21: Peer 1002 sending HAVE message to Peer 1005
2017-12-05 12:07:21: Peer 1002 sending HAVE message to Peer 1004
2017-12-05 12:07:22: Peer 1002 receieved an INTERESTED message from Peer 1005
2017-12-05 12:07:22: Peer 1002 sending UNCHOKE message to Peer 1005
2017-12-05 12:07:22: Peer 1002 receieved an INTERESTED message from Peer 1004
2017-12-05 12:07:22: Peer 1002 sending UNCHOKE message to Peer 1004
2017-12-05 12:07:22: Peer 1002 has downloaded the PIECE 117 from Peer 1001. Now the number of pieces it has is 118
2017-12-05 12:07:22: Peer 1002 sending HAVE message to Peer 1005
2017-12-05 12:07:22: Peer 1002 sending HAVE message to Peer 1004
2017-12-05 12:07:22: Peer 1002 receieved an INTERESTED message from Peer 1004
2017-12-05 12:07:22: Peer 1002 sending UNCHOKE message to Peer 1004
2017-12-05 12:07:22: Peer 1002 has downloaded the PIECE 118 from Peer 1001. Now the number of pieces it has is 119
2017-12-05 12:07:22: Peer 1002 sending HAVE message to Peer 1005
2017-12-05 12:07:22: Peer 1002 sending HAVE message to Peer 1004
2017-12-05 12:07:23: Peer 1002 receieved an INTERESTED message from Peer 1005
2017-12-05 12:07:23: Peer 1002 sending UNCHOKE message to Peer 1005
2017-12-05 12:07:23: Peer 1002 receieved an INTERESTED message from Peer 1004
2017-12-05 12:07:23: Peer 1002 sending UNCHOKE message to Peer 1004
2017-12-05 12:07:23: Peer 1002 has downloaded the PIECE 119 from Peer 1001. Now the number of pieces it has is 120
2017-12-05 12:07:23: Peer 1002 sending HAVE message to Peer 1005
2017-12-05 12:07:23: Peer 1002 sending HAVE message to Peer 1004
2017-12-05 12:07:23: Peer 1002 receieved an INTERESTED message from Peer 1004
2017-12-05 12:07:23: Peer 1002 sending UNCHOKE message to Peer 1004
2017-12-05 12:07:23: Peer 1002 has downloaded the PIECE 120 from Peer 1001. Now the number of pieces it has is 121
2017-12-05 12:07:23: Peer 1002 sending HAVE message to Peer 1005
2017-12-05 12:07:23: Peer 1002 sending HAVE message to Peer 1004
2017-12-05 12:07:24: Peer 1002 receieved an INTERESTED message from Peer 1005
2017-12-05 12:07:24: Peer 1002 sending UNCHOKE message to Peer 1005
2017-12-05 12:07:24: Peer 1002 receieved an INTERESTED message from Peer 1004
2017-12-05 12:07:24: Peer 1002 sending UNCHOKE message to Peer 1004
2017-12-05 12:07:24: Peer 1002 has downloaded the PIECE 121 from Peer 1001. Now the number of pieces it has is 122
2017-12-05 12:07:24: Peer 1002 sending HAVE message to Peer 1005
2017-12-05 12:07:24: Peer 1002 sending HAVE message to Peer 1004
2017-12-05 12:07:24: Peer 1002 receieved an INTERESTED message from Peer 1005
2017-12-05 12:07:24: Peer 1002 sending UNCHOKE message to Peer 1005
2017-12-05 12:07:24: Peer 1002 receieved an INTERESTED message from Peer 1004
2017-12-05 12:07:24: Peer 1002 sending UNCHOKE message to Peer 1004
2017-12-05 12:07:24: Peer 1002 has downloaded the PIECE 122 from Peer 1001. Now the number of pieces it has is 123
2017-12-05 12:07:24: Peer 1002 sending HAVE message to Peer 1005
2017-12-05 12:07:24: Peer 1002 sending HAVE message to Peer 1004
2017-12-05 12:07:25: Peer 1002 receieved an INTERESTED message from Peer 1005
2017-12-05 12:07:25: Peer 1002 sending UNCHOKE message to Peer 1005
2017-12-05 12:07:25: Peer 1002 receieved an INTERESTED message from Peer 1004
2017-12-05 12:07:25: Peer 1002 sending UNCHOKE message to Peer 1004
2017-12-05 12:07:25: Peer 1002 is CHOKED by Peer 1001
2017-12-05 12:07:25: Peer 1002 sending a PIECE message for piece 99 to Peer 1005
2017-12-05 12:07:25: Peer 1002 sending a PIECE message for piece 106 to Peer 1004
2017-12-05 12:07:26: Peer 1002 sending a PIECE message for piece 100 to Peer 1005
2017-12-05 12:07:26: Peer 1002 sending a PIECE message for piece 107 to Peer 1004
2017-12-05 12:07:26: Peer 1002 sending a PIECE message for piece 101 to Peer 1005
2017-12-05 12:07:26: Peer 1002 sending a PIECE message for piece 108 to Peer 1004
2017-12-05 12:07:27: Peer 1002 sending a PIECE message for piece 102 to Peer 1005
2017-12-05 12:07:27: Peer 1002 sending a PIECE message for piece 109 to Peer 1004
2017-12-05 12:07:27: Peer 1002 sending a PIECE message for piece 103 to Peer 1005
2017-12-05 12:07:27: Peer 1002 sending a PIECE message for piece 110 to Peer 1004
2017-12-05 12:07:28: Peer 1002 sending a PIECE message for piece 104 to Peer 1005
2017-12-05 12:07:28: Peer 1002 sending a PIECE message for piece 111 to Peer 1004
2017-12-05 12:07:28: Peer 1002 sending a PIECE message for piece 105 to Peer 1005
2017-12-05 12:07:28: Peer 1002 sending a PIECE message for piece 112 to Peer 1004
2017-12-05 12:07:29: Peer 1002 sending a PIECE message for piece 106 to Peer 1005
2017-12-05 12:07:29: Peer 1002 sending a PIECE message for piece 113 to Peer 1004
2017-12-05 12:07:29: Peer 1002 sending a PIECE message for piece 107 to Peer 1005
2017-12-05 12:07:29: Peer 1002 sending a PIECE message for piece 114 to Peer 1004
2017-12-05 12:07:30: Peer 1002 sending a PIECE message for piece 108 to Peer 1005
2017-12-05 12:07:30: Peer 1002 sending a PIECE message for piece 115 to Peer 1004
2017-12-05 12:07:30: Peer 1002 sending a PIECE message for piece 109 to Peer 1005
2017-12-05 12:07:30: Peer 1002 sending a PIECE message for piece 116 to Peer 1004
2017-12-05 12:07:31: Peer 1002 sending a PIECE message for piece 110 to Peer 1005
2017-12-05 12:07:31: Peer 1002 sending a PIECE message for piece 117 to Peer 1004
2017-12-05 12:07:31: Peer 1002 sending a PIECE message for piece 111 to Peer 1005
2017-12-05 12:07:31: Peer 1002 sending a PIECE message for piece 118 to Peer 1004
2017-12-05 12:07:32: Peer 1002 sending a PIECE message for piece 112 to Peer 1005
2017-12-05 12:07:32: Peer 1002 sending a PIECE message for piece 119 to Peer 1004
2017-12-05 12:07:32: Peer 1002 sending a PIECE message for piece 113 to Peer 1005
2017-12-05 12:07:32: Peer 1002 sending a PIECE message for piece 120 to Peer 1004
2017-12-05 12:07:33: Peer 1002 sending a PIECE message for piece 114 to Peer 1005
2017-12-05 12:07:33: Peer 1002 sending a PIECE message for piece 121 to Peer 1004
2017-12-05 12:07:33: Peer 1002 sending a PIECE message for piece 115 to Peer 1005
2017-12-05 12:07:33: Peer 1002 sending a PIECE message for piece 122 to Peer 1004
2017-12-05 12:07:34: Peer 1002 sending a PIECE message for piece 116 to Peer 1005
2017-12-05 12:07:34: Peer 1002 sending a PIECE message for piece 117 to Peer 1005
2017-12-05 12:07:35: Peer 1002 sending a PIECE message for piece 118 to Peer 1005
2017-12-05 12:07:35: Peer 1002 sending a PIECE message for piece 119 to Peer 1005
2017-12-05 12:07:36: Peer 1002 sending a PIECE message for piece 120 to Peer 1005
2017-12-05 12:07:36: Peer 1002 sending a PIECE message for piece 121 to Peer 1005
2017-12-05 12:07:37: Peer 1002 sending a PIECE message for piece 122 to Peer 1005
2017-12-05 12:07:40: Peer 1002 sending an INTERESTED message to Peer 1001
2017-12-05 12:07:40: Peer 1002 receieved HAVE message from Peer 1001
2017-12-05 12:07:40: Peer 1002 sending an INTERESTED message to Peer 1001
2017-12-05 12:07:40: Peer 1002 is UNCHOKED by Peer 1001
2017-12-05 12:07:41: Peer 1002 has downloaded the PIECE 123 from Peer 1001. Now the number of pieces it has is 124
2017-12-05 12:07:41: Peer 1002 sending HAVE message to Peer 1005
2017-12-05 12:07:41: Peer 1002 sending HAVE message to Peer 1004
2017-12-05 12:07:41: Peer 1002 receieved a NOT INTERESTED message from Peer 1004
2017-12-05 12:07:41: Peer 1002 receieved a NOT INTERESTED message from Peer 1005
2017-12-05 12:07:41: Peer 1002 has downloaded the PIECE 124 from Peer 1001. Now the number of pieces it has is 125
2017-12-05 12:07:41: Peer 1002 sending HAVE message to Peer 1005
2017-12-05 12:07:41: Peer 1002 sending HAVE message to Peer 1004
2017-12-05 12:07:42: Peer 1002 receieved a NOT INTERESTED message from Peer 1004
2017-12-05 12:07:42: Peer 1002 receieved a NOT INTERESTED message from Peer 1005
2017-12-05 12:07:42: Peer 1002 has downloaded the PIECE 125 from Peer 1001. Now the number of pieces it has is 126
2017-12-05 12:07:42: Peer 1002 sending HAVE message to Peer 1005
2017-12-05 12:07:42: Peer 1002 sending HAVE message to Peer 1004
2017-12-05 12:07:42: Peer 1002 receieved a NOT INTERESTED message from Peer 1004
2017-12-05 12:07:42: Peer 1002 has downloaded the PIECE 126 from Peer 1001. Now the number of pieces it has is 127
2017-12-05 12:07:42: Peer 1002 sending HAVE message to Peer 1005
2017-12-05 12:07:42: Peer 1002 sending HAVE message to Peer 1004
2017-12-05 12:07:42: Peer 1002 receieved a NOT INTERESTED message from Peer 1005
2017-12-05 12:07:43: Peer 1002 receieved a NOT INTERESTED message from Peer 1004
2017-12-05 12:07:43: Peer 1002 has downloaded the PIECE 127 from Peer 1001. Now the number of pieces it has is 128
2017-12-05 12:07:43: Peer 1002 sending HAVE message to Peer 1005
2017-12-05 12:07:43: Peer 1002 sending HAVE message to Peer 1004
2017-12-05 12:07:43: Peer 1002 receieved a NOT INTERESTED message from Peer 1005
2017-12-05 12:07:43: Peer 1002 receieved a NOT INTERESTED message from Peer 1004
2017-12-05 12:07:43: Peer 1002 has downloaded the PIECE 128 from Peer 1001. Now the number of pieces it has is 129
2017-12-05 12:07:43: Peer 1002 sending HAVE message to Peer 1005
2017-12-05 12:07:43: Peer 1002 sending HAVE message to Peer 1004
2017-12-05 12:07:43: Peer 1002 receieved a NOT INTERESTED message from Peer 1005
2017-12-05 12:07:44: Peer 1002 receieved a NOT INTERESTED message from Peer 1004
2017-12-05 12:07:44: Peer 1002 has downloaded the PIECE 129 from Peer 1001. Now the number of pieces it has is 130
2017-12-05 12:07:44: Peer 1002 sending HAVE message to Peer 1005
2017-12-05 12:07:44: Peer 1002 sending HAVE message to Peer 1004
2017-12-05 12:07:44: Peer 1002 receieved a NOT INTERESTED message from Peer 1005
2017-12-05 12:07:44: Peer 1002 receieved a NOT INTERESTED message from Peer 1004
2017-12-05 12:07:44: Peer 1002 has downloaded the PIECE 130 from Peer 1001. Now the number of pieces it has is 131
2017-12-05 12:07:44: Peer 1002 sending HAVE message to Peer 1005
2017-12-05 12:07:44: Peer 1002 sending HAVE message to Peer 1004
2017-12-05 12:07:44: Peer 1002 receieved a NOT INTERESTED message from Peer 1005
2017-12-05 12:07:45: Peer 1002 receieved a NOT INTERESTED message from Peer 1004
2017-12-05 12:07:45: Peer 1002 has downloaded the PIECE 131 from Peer 1001. Now the number of pieces it has is 132
2017-12-05 12:07:45: Peer 1002 sending HAVE message to Peer 1005
2017-12-05 12:07:45: Peer 1002 sending HAVE message to Peer 1004
2017-12-05 12:07:45: Peer 1002 receieved a NOT INTERESTED message from Peer 1005
2017-12-05 12:07:45: Peer 1002 receieved a NOT INTERESTED message from Peer 1004
2017-12-05 12:07:45: Peer 1002 has downloaded the PIECE 132 from Peer 1001. Now the number of pieces it has is 133
2017-12-05 12:07:45: Peer 1002 sending HAVE message to Peer 1005
2017-12-05 12:07:45: Peer 1002 sending HAVE message to Peer 1004
2017-12-05 12:07:45: Peer 1002 receieved a NOT INTERESTED message from Peer 1005
2017-12-05 12:07:46: Peer 1002 receieved a NOT INTERESTED message from Peer 1004
2017-12-05 12:07:46: Peer 1002 has downloaded the PIECE 133 from Peer 1001. Now the number of pieces it has is 134
2017-12-05 12:07:46: Peer 1002 sending HAVE message to Peer 1005
2017-12-05 12:07:46: Peer 1002 sending HAVE message to Peer 1004
2017-12-05 12:07:46: Peer 1002 receieved a NOT INTERESTED message from Peer 1005
2017-12-05 12:07:46: Peer 1002 receieved a NOT INTERESTED message from Peer 1004
2017-12-05 12:07:46: Peer 1002 has downloaded the PIECE 134 from Peer 1001. Now the number of pieces it has is 135
2017-12-05 12:07:46: Peer 1002 sending HAVE message to Peer 1005
2017-12-05 12:07:46: Peer 1002 sending HAVE message to Peer 1004
2017-12-05 12:07:46: Peer 1002 receieved a NOT INTERESTED message from Peer 1005
2017-12-05 12:07:47: Peer 1002 receieved a NOT INTERESTED message from Peer 1004
2017-12-05 12:07:47: Peer 1002 has downloaded the PIECE 135 from Peer 1001. Now the number of pieces it has is 136
2017-12-05 12:07:47: Peer 1002 sending HAVE message to Peer 1005
2017-12-05 12:07:47: Peer 1002 sending HAVE message to Peer 1004
2017-12-05 12:07:47: Peer 1002 receieved a NOT INTERESTED message from Peer 1005
2017-12-05 12:07:47: Peer 1002 receieved a NOT INTERESTED message from Peer 1004
2017-12-05 12:07:47: Peer 1002 has downloaded the PIECE 136 from Peer 1001. Now the number of pieces it has is 137
2017-12-05 12:07:47: Peer 1002 sending HAVE message to Peer 1005
2017-12-05 12:07:47: Peer 1002 sending HAVE message to Peer 1004
2017-12-05 12:07:47: Peer 1002 receieved a NOT INTERESTED message from Peer 1005
2017-12-05 12:07:48: Peer 1002 receieved a NOT INTERESTED message from Peer 1004
2017-12-05 12:07:48: Peer 1002 has downloaded the PIECE 137 from Peer 1001. Now the number of pieces it has is 138
2017-12-05 12:07:48: Peer 1002 sending HAVE message to Peer 1005
2017-12-05 12:07:48: Peer 1002 sending HAVE message to Peer 1004
2017-12-05 12:07:48: Peer 1002 receieved a NOT INTERESTED message from Peer 1005
2017-12-05 12:07:48: Peer 1002 receieved a NOT INTERESTED message from Peer 1004
2017-12-05 12:07:48: Peer 1002 has downloaded the PIECE 138 from Peer 1001. Now the number of pieces it has is 139
2017-12-05 12:07:48: Peer 1002 sending HAVE message to Peer 1005
2017-12-05 12:07:48: Peer 1002 sending HAVE message to Peer 1004
2017-12-05 12:07:48: Peer 1002 receieved a NOT INTERESTED message from Peer 1005
2017-12-05 12:07:49: Peer 1002 receieved a NOT INTERESTED message from Peer 1004
2017-12-05 12:07:49: Peer 1002 has downloaded the PIECE 139 from Peer 1001. Now the number of pieces it has is 140
2017-12-05 12:07:49: Peer 1002 sending HAVE message to Peer 1005
2017-12-05 12:07:49: Peer 1002 sending HAVE message to Peer 1004
2017-12-05 12:07:49: Peer 1002 receieved a NOT INTERESTED message from Peer 1005
2017-12-05 12:07:49: Peer 1002 receieved a NOT INTERESTED message from Peer 1004
2017-12-05 12:07:49: Peer 1002 has downloaded the PIECE 140 from Peer 1001. Now the number of pieces it has is 141
2017-12-05 12:07:49: Peer 1002 sending HAVE message to Peer 1005
2017-12-05 12:07:49: Peer 1002 sending HAVE message to Peer 1004
2017-12-05 12:07:49: Peer 1002 receieved a NOT INTERESTED message from Peer 1005
2017-12-05 12:07:50: Peer 1002 receieved a NOT INTERESTED message from Peer 1004
2017-12-05 12:07:50: Peer 1002 has downloaded the PIECE 141 from Peer 1001. Now the number of pieces it has is 142
2017-12-05 12:07:50: Peer 1002 sending HAVE message to Peer 1005
2017-12-05 12:07:50: Peer 1002 sending HAVE message to Peer 1004
2017-12-05 12:07:50: Peer 1002 receieved a NOT INTERESTED message from Peer 1005
2017-12-05 12:07:50: Peer 1002 receieved a NOT INTERESTED message from Peer 1004
2017-12-05 12:07:50: Peer 1002 has downloaded the PIECE 142 from Peer 1001. Now the number of pieces it has is 143
2017-12-05 12:07:50: Peer 1002 sending HAVE message to Peer 1005
2017-12-05 12:07:50: Peer 1002 sending HAVE message to Peer 1004
2017-12-05 12:07:50: Peer 1002 receieved a NOT INTERESTED message from Peer 1005
2017-12-05 12:07:51: Peer 1002 receieved a NOT INTERESTED message from Peer 1004
2017-12-05 12:07:51: Peer 1002 has downloaded the PIECE 143 from Peer 1001. Now the number of pieces it has is 144
2017-12-05 12:07:51: Peer 1002 sending HAVE message to Peer 1005
2017-12-05 12:07:51: Peer 1002 sending HAVE message to Peer 1004
2017-12-05 12:07:51: Peer 1002 receieved a NOT INTERESTED message from Peer 1005
2017-12-05 12:07:51: Peer 1002 receieved a NOT INTERESTED message from Peer 1004
2017-12-05 12:07:51: Peer 1002 has downloaded the PIECE 144 from Peer 1001. Now the number of pieces it has is 145
2017-12-05 12:07:51: Peer 1002 sending HAVE message to Peer 1005
2017-12-05 12:07:51: Peer 1002 sending HAVE message to Peer 1004
2017-12-05 12:07:51: Peer 1002 receieved a NOT INTERESTED message from Peer 1005
2017-12-05 12:07:52: Peer 1002 receieved a NOT INTERESTED message from Peer 1004
2017-12-05 12:07:52: Peer 1002 has downloaded the PIECE 145 from Peer 1001. Now the number of pieces it has is 146
2017-12-05 12:07:52: Peer 1002 sending HAVE message to Peer 1005
2017-12-05 12:07:52: Peer 1002 sending HAVE message to Peer 1004
2017-12-05 12:07:52: Peer 1002 receieved a NOT INTERESTED message from Peer 1005
2017-12-05 12:07:52: Peer 1002 receieved a NOT INTERESTED message from Peer 1004
2017-12-05 12:07:52: Peer 1002 has downloaded the PIECE 146 from Peer 1001. Now the number of pieces it has is 147
2017-12-05 12:07:52: Peer 1002 sending HAVE message to Peer 1005
2017-12-05 12:07:52: Peer 1002 sending HAVE message to Peer 1004
2017-12-05 12:07:52: Peer 1002 receieved a NOT INTERESTED message from Peer 1005
2017-12-05 12:07:53: Peer 1002 receieved a NOT INTERESTED message from Peer 1004
2017-12-05 12:07:53: Peer 1002 has downloaded the PIECE 147 from Peer 1001. Now the number of pieces it has is 148
2017-12-05 12:07:53: Peer 1002 sending HAVE message to Peer 1005
2017-12-05 12:07:53: Peer 1002 sending HAVE message to Peer 1004
2017-12-05 12:07:53: Peer 1002 receieved a NOT INTERESTED message from Peer 1005
2017-12-05 12:07:53: Peer 1002 receieved a NOT INTERESTED message from Peer 1004
2017-12-05 12:07:53: Peer 1002 has downloaded the PIECE 148 from Peer 1001. Now the number of pieces it has is 149
2017-12-05 12:07:53: Peer 1002 sending HAVE message to Peer 1005
2017-12-05 12:07:53: Peer 1002 sending HAVE message to Peer 1004
2017-12-05 12:07:53: Peer 1002 receieved a NOT INTERESTED message from Peer 1005
2017-12-05 12:07:54: Peer 1002 receieved a NOT INTERESTED message from Peer 1004
2017-12-05 12:07:54: Peer 1002 has downloaded the PIECE 149 from Peer 1001. Now the number of pieces it has is 150
2017-12-05 12:07:54: Peer 1002 sending HAVE message to Peer 1005
2017-12-05 12:07:54: Peer 1002 sending HAVE message to Peer 1004
2017-12-05 12:07:54: Peer 1002 receieved a NOT INTERESTED message from Peer 1005
2017-12-05 12:07:54: Peer 1002 receieved a NOT INTERESTED message from Peer 1004
2017-12-05 12:07:54: Peer 1002 has downloaded the PIECE 150 from Peer 1001. Now the number of pieces it has is 151
2017-12-05 12:07:54: Peer 1002 sending HAVE message to Peer 1005
2017-12-05 12:07:54: Peer 1002 sending HAVE message to Peer 1004
2017-12-05 12:07:54: Peer 1002 receieved a NOT INTERESTED message from Peer 1005
2017-12-05 12:07:55: Peer 1002 receieved a NOT INTERESTED message from Peer 1004
2017-12-05 12:07:55: Peer 1002 is CHOKED by Peer 1001
2017-12-05 12:08:09: Peer 1002 sending an INTERESTED message to Peer 1001
2017-12-05 12:08:09: Peer 1002 receieved HAVE message from Peer 1001
2017-12-05 12:08:09: Peer 1002 sending an INTERESTED message to Peer 1001
2017-12-05 12:08:10: Peer 1002 is UNCHOKED by Peer 1001
2017-12-05 12:08:10: Peer 1002 has downloaded the PIECE 151 from Peer 1001. Now the number of pieces it has is 152
2017-12-05 12:08:10: Peer 1002 sending HAVE message to Peer 1005
2017-12-05 12:08:10: Peer 1002 sending HAVE message to Peer 1004
2017-12-05 12:08:11: Peer 1002 receieved a NOT INTERESTED message from Peer 1005
2017-12-05 12:08:11: Peer 1002 has downloaded the PIECE 152 from Peer 1001. Now the number of pieces it has is 153
2017-12-05 12:08:11: Peer 1002 sending HAVE message to Peer 1005
2017-12-05 12:08:11: Peer 1002 sending HAVE message to Peer 1004
2017-12-05 12:08:11: Peer 1002 receieved a NOT INTERESTED message from Peer 1004
2017-12-05 12:08:11: Peer 1002 receieved a NOT INTERESTED message from Peer 1005
2017-12-05 12:08:11: Peer 1002 has downloaded the PIECE 153 from Peer 1001. Now the number of pieces it has is 154
2017-12-05 12:08:11: Peer 1002 sending HAVE message to Peer 1005
2017-12-05 12:08:11: Peer 1002 sending HAVE message to Peer 1004
2017-12-05 12:08:11: Peer 1002 receieved a NOT INTERESTED message from Peer 1004
2017-12-05 12:08:12: Peer 1002 receieved a NOT INTERESTED message from Peer 1005
2017-12-05 12:08:12: Peer 1002 has downloaded the PIECE 154 from Peer 1001. Now the number of pieces it has is 155
2017-12-05 12:08:12: Peer 1002 sending HAVE message to Peer 1005
2017-12-05 12:08:12: Peer 1002 sending HAVE message to Peer 1004
2017-12-05 12:08:12: Peer 1002 receieved a NOT INTERESTED message from Peer 1004
2017-12-05 12:08:12: Peer 1002 receieved a NOT INTERESTED message from Peer 1005
2017-12-05 12:08:12: Peer 1002 has downloaded the PIECE 155 from Peer 1001. Now the number of pieces it has is 156
2017-12-05 12:08:12: Peer 1002 sending HAVE message to Peer 1005
2017-12-05 12:08:12: Peer 1002 sending HAVE message to Peer 1004
2017-12-05 12:08:12: Peer 1002 receieved a NOT INTERESTED message from Peer 1004
2017-12-05 12:08:13: Peer 1002 receieved a NOT INTERESTED message from Peer 1005
2017-12-05 12:08:13: Peer 1002 has downloaded the PIECE 156 from Peer 1001. Now the number of pieces it has is 157
2017-12-05 12:08:13: Peer 1002 sending HAVE message to Peer 1005
2017-12-05 12:08:13: Peer 1002 sending HAVE message to Peer 1004
2017-12-05 12:08:13: Peer 1002 receieved a NOT INTERESTED message from Peer 1004
2017-12-05 12:08:13: Peer 1002 receieved a NOT INTERESTED message from Peer 1005
2017-12-05 12:08:13: Peer 1002 has downloaded the PIECE 157 from Peer 1001. Now the number of pieces it has is 158
2017-12-05 12:08:13: Peer 1002 sending HAVE message to Peer 1005
2017-12-05 12:08:13: Peer 1002 sending HAVE message to Peer 1004
2017-12-05 12:08:13: Peer 1002 receieved a NOT INTERESTED message from Peer 1004
2017-12-05 12:08:14: Peer 1002 receieved a NOT INTERESTED message from Peer 1005
2017-12-05 12:08:14: Peer 1002 has downloaded the PIECE 158 from Peer 1001. Now the number of pieces it has is 159
2017-12-05 12:08:14: Peer 1002 sending HAVE message to Peer 1005
2017-12-05 12:08:14: Peer 1002 sending HAVE message to Peer 1004
2017-12-05 12:08:14: Peer 1002 receieved a NOT INTERESTED message from Peer 1004
2017-12-05 12:08:14: Peer 1002 receieved a NOT INTERESTED message from Peer 1005
2017-12-05 12:08:14: Peer 1002 has downloaded the PIECE 159 from Peer 1001. Now the number of pieces it has is 160
2017-12-05 12:08:14: Peer 1002 sending HAVE message to Peer 1005
2017-12-05 12:08:14: Peer 1002 sending HAVE message to Peer 1004
2017-12-05 12:08:14: Peer 1002 receieved a NOT INTERESTED message from Peer 1004
2017-12-05 12:08:15: Peer 1002 receieved a NOT INTERESTED message from Peer 1005
2017-12-05 12:08:15: Peer 1002 has downloaded the PIECE 160 from Peer 1001. Now the number of pieces it has is 161
2017-12-05 12:08:15: Peer 1002 sending HAVE message to Peer 1005
2017-12-05 12:08:15: Peer 1002 sending HAVE message to Peer 1004
2017-12-05 12:08:15: Peer 1002 receieved a NOT INTERESTED message from Peer 1004
2017-12-05 12:08:15: Peer 1002 receieved a NOT INTERESTED message from Peer 1005
2017-12-05 12:08:15: Peer 1002 has downloaded the PIECE 161 from Peer 1001. Now the number of pieces it has is 162
2017-12-05 12:08:15: Peer 1002 sending HAVE message to Peer 1005
2017-12-05 12:08:15: Peer 1002 sending HAVE message to Peer 1004
2017-12-05 12:08:15: Peer 1002 receieved a NOT INTERESTED message from Peer 1004
2017-12-05 12:08:16: Peer 1002 receieved a NOT INTERESTED message from Peer 1005
2017-12-05 12:08:16: Peer 1002 has downloaded the PIECE 162 from Peer 1001. Now the number of pieces it has is 163
2017-12-05 12:08:16: Peer 1002 sending HAVE message to Peer 1005
2017-12-05 12:08:16: Peer 1002 sending HAVE message to Peer 1004
2017-12-05 12:08:16: Peer 1002 receieved a NOT INTERESTED message from Peer 1004
2017-12-05 12:08:16: Peer 1002 receieved a NOT INTERESTED message from Peer 1005
2017-12-05 12:08:16: Peer 1002 has downloaded the PIECE 163 from Peer 1001. Now the number of pieces it has is 164
2017-12-05 12:08:16: Peer 1002 sending HAVE message to Peer 1005
2017-12-05 12:08:16: Peer 1002 sending HAVE message to Peer 1004
2017-12-05 12:08:16: Peer 1002 receieved a NOT INTERESTED message from Peer 1004
2017-12-05 12:08:17: Peer 1002 receieved a NOT INTERESTED message from Peer 1005
2017-12-05 12:08:17: Peer 1002 has downloaded the PIECE 164 from Peer 1001. Now the number of pieces it has is 165
2017-12-05 12:08:17: Peer 1002 sending HAVE message to Peer 1005
2017-12-05 12:08:17: Peer 1002 sending HAVE message to Peer 1004
2017-12-05 12:08:17: Peer 1002 receieved a NOT INTERESTED message from Peer 1004
2017-12-05 12:08:17: Peer 1002 receieved a NOT INTERESTED message from Peer 1005
2017-12-05 12:08:17: Peer 1002 has downloaded the PIECE 165 from Peer 1001. Now the number of pieces it has is 166
2017-12-05 12:08:17: Peer 1002 sending HAVE message to Peer 1005
2017-12-05 12:08:17: Peer 1002 sending HAVE message to Peer 1004
2017-12-05 12:08:17: Peer 1002 receieved a NOT INTERESTED message from Peer 1004
2017-12-05 12:08:18: Peer 1002 receieved a NOT INTERESTED message from Peer 1005
2017-12-05 12:08:18: Peer 1002 has downloaded the PIECE 166 from Peer 1001. Now the number of pieces it has is 167
2017-12-05 12:08:18: Peer 1002 sending HAVE message to Peer 1005
2017-12-05 12:08:18: Peer 1002 sending HAVE message to Peer 1004
2017-12-05 12:08:18: Peer 1002 receieved a NOT INTERESTED message from Peer 1004
2017-12-05 12:08:18: Peer 1002 receieved a NOT INTERESTED message from Peer 1005
2017-12-05 12:08:18: Peer 1002 has downloaded the PIECE 167 from Peer 1001. Now the number of pieces it has is 168
2017-12-05 12:08:18: Peer 1002 sending HAVE message to Peer 1005
2017-12-05 12:08:18: Peer 1002 sending HAVE message to Peer 1004
2017-12-05 12:08:18: Peer 1002 receieved a NOT INTERESTED message from Peer 1004
2017-12-05 12:08:19: Peer 1002 receieved a NOT INTERESTED message from Peer 1005
2017-12-05 12:08:19: Peer 1002 has downloaded the PIECE 168 from Peer 1001. Now the number of pieces it has is 169
2017-12-05 12:08:19: Peer 1002 sending HAVE message to Peer 1005
2017-12-05 12:08:19: Peer 1002 sending HAVE message to Peer 1004
2017-12-05 12:08:19: Peer 1002 receieved a NOT INTERESTED message from Peer 1004
2017-12-05 12:08:19: Peer 1002 receieved a NOT INTERESTED message from Peer 1005
2017-12-05 12:08:19: Peer 1002 has downloaded the PIECE 169 from Peer 1001. Now the number of pieces it has is 170
2017-12-05 12:08:19: Peer 1002 sending HAVE message to Peer 1005
2017-12-05 12:08:19: Peer 1002 sending HAVE message to Peer 1004
2017-12-05 12:08:19: Peer 1002 receieved a NOT INTERESTED message from Peer 1004
2017-12-05 12:08:20: Peer 1002 receieved a NOT INTERESTED message from Peer 1005
2017-12-05 12:08:20: Peer 1002 has downloaded the PIECE 170 from Peer 1001. Now the number of pieces it has is 171
2017-12-05 12:08:20: Peer 1002 sending HAVE message to Peer 1005
2017-12-05 12:08:20: Peer 1002 sending HAVE message to Peer 1004
2017-12-05 12:08:20: Peer 1002 receieved a NOT INTERESTED message from Peer 1004
2017-12-05 12:08:20: Peer 1002 receieved a NOT INTERESTED message from Peer 1005
2017-12-05 12:08:20: Peer 1002 has downloaded the PIECE 171 from Peer 1001. Now the number of pieces it has is 172
2017-12-05 12:08:20: Peer 1002 sending HAVE message to Peer 1005
2017-12-05 12:08:20: Peer 1002 sending HAVE message to Peer 1004
2017-12-05 12:08:20: Peer 1002 receieved a NOT INTERESTED message from Peer 1004
2017-12-05 12:08:21: Peer 1002 receieved a NOT INTERESTED message from Peer 1005
2017-12-05 12:08:21: Peer 1002 has downloaded the PIECE 172 from Peer 1001. Now the number of pieces it has is 173
2017-12-05 12:08:21: Peer 1002 sending HAVE message to Peer 1005
2017-12-05 12:08:21: Peer 1002 sending HAVE message to Peer 1004
2017-12-05 12:08:21: Peer 1002 receieved a NOT INTERESTED message from Peer 1004
2017-12-05 12:08:21: Peer 1002 receieved a NOT INTERESTED message from Peer 1005
2017-12-05 12:08:21: Peer 1002 has downloaded the PIECE 173 from Peer 1001. Now the number of pieces it has is 174
2017-12-05 12:08:21: Peer 1002 sending HAVE message to Peer 1005
2017-12-05 12:08:21: Peer 1002 sending HAVE message to Peer 1004
2017-12-05 12:08:21: Peer 1002 receieved a NOT INTERESTED message from Peer 1004
2017-12-05 12:08:22: Peer 1002 has downloaded the PIECE 174 from Peer 1001. Now the number of pieces it has is 175
2017-12-05 12:08:22: Peer 1002 sending HAVE message to Peer 1005
2017-12-05 12:08:22: Peer 1002 sending HAVE message to Peer 1004
2017-12-05 12:08:22: Peer 1002 receieved a NOT INTERESTED message from Peer 1005
2017-12-05 12:08:22: Peer 1002 receieved a NOT INTERESTED message from Peer 1004
2017-12-05 12:08:22: Peer 1002 has downloaded the PIECE 175 from Peer 1001. Now the number of pieces it has is 176
2017-12-05 12:08:22: Peer 1002 sending HAVE message to Peer 1005
2017-12-05 12:08:22: Peer 1002 sending HAVE message to Peer 1004
2017-12-05 12:08:22: Peer 1002 receieved a NOT INTERESTED message from Peer 1005
2017-12-05 12:08:22: Peer 1002 receieved a NOT INTERESTED message from Peer 1004
2017-12-05 12:08:23: Peer 1002 has downloaded the PIECE 176 from Peer 1001. Now the number of pieces it has is 177
2017-12-05 12:08:23: Peer 1002 sending HAVE message to Peer 1005
2017-12-05 12:08:23: Peer 1002 sending HAVE message to Peer 1004
2017-12-05 12:08:23: Peer 1002 receieved a NOT INTERESTED message from Peer 1005
2017-12-05 12:08:23: Peer 1002 receieved a NOT INTERESTED message from Peer 1004
2017-12-05 12:08:23: Peer 1002 has downloaded the PIECE 177 from Peer 1001. Now the number of pieces it has is 178
2017-12-05 12:08:23: Peer 1002 sending HAVE message to Peer 1005
2017-12-05 12:08:23: Peer 1002 sending HAVE message to Peer 1004
2017-12-05 12:08:23: Peer 1002 receieved a NOT INTERESTED message from Peer 1005
2017-12-05 12:08:24: Peer 1002 receieved a NOT INTERESTED message from Peer 1004
2017-12-05 12:08:24: Peer 1002 has downloaded the PIECE 178 from Peer 1001. Now the number of pieces it has is 179
2017-12-05 12:08:24: Peer 1002 sending HAVE message to Peer 1005
2017-12-05 12:08:24: Peer 1002 sending HAVE message to Peer 1004
2017-12-05 12:08:24: Peer 1002 receieved a NOT INTERESTED message from Peer 1005
2017-12-05 12:08:25: Peer 1002 receieved a NOT INTERESTED message from Peer 1004
2017-12-05 12:08:25: Peer 1002 is CHOKED by Peer 1001
2017-12-05 12:08:40: Peer 1002 sending an INTERESTED message to Peer 1001
2017-12-05 12:08:40: Peer 1002 receieved HAVE message from Peer 1001
2017-12-05 12:08:40: Peer 1002 sending an INTERESTED message to Peer 1001
2017-12-05 12:08:40: Peer 1002 is UNCHOKED by Peer 1001
2017-12-05 12:08:41: Peer 1002 has downloaded the PIECE 179 from Peer 1001. Now the number of pieces it has is 180
2017-12-05 12:08:41: Peer 1002 sending HAVE message to Peer 1005
2017-12-05 12:08:41: Peer 1002 sending HAVE message to Peer 1004
2017-12-05 12:08:41: Peer 1002 receieved a NOT INTERESTED message from Peer 1005
2017-12-05 12:08:41: Peer 1002 receieved a NOT INTERESTED message from Peer 1004
2017-12-05 12:08:41: Peer 1002 has downloaded the PIECE 180 from Peer 1001. Now the number of pieces it has is 181
2017-12-05 12:08:41: Peer 1002 sending HAVE message to Peer 1005
2017-12-05 12:08:41: Peer 1002 sending HAVE message to Peer 1004
2017-12-05 12:08:42: Peer 1002 receieved a NOT INTERESTED message from Peer 1005
2017-12-05 12:08:42: Peer 1002 receieved a NOT INTERESTED message from Peer 1004
2017-12-05 12:08:42: Peer 1002 has downloaded the PIECE 181 from Peer 1001. Now the number of pieces it has is 182
2017-12-05 12:08:42: Peer 1002 sending HAVE message to Peer 1005
2017-12-05 12:08:42: Peer 1002 sending HAVE message to Peer 1004
2017-12-05 12:08:42: Peer 1002 receieved a NOT INTERESTED message from Peer 1005
2017-12-05 12:08:42: Peer 1002 receieved a NOT INTERESTED message from Peer 1004
2017-12-05 12:08:42: Peer 1002 has downloaded the PIECE 182 from Peer 1001. Now the number of pieces it has is 183
2017-12-05 12:08:42: Peer 1002 sending HAVE message to Peer 1005
2017-12-05 12:08:42: Peer 1002 sending HAVE message to Peer 1004
2017-12-05 12:08:43: Peer 1002 receieved a NOT INTERESTED message from Peer 1005
2017-12-05 12:08:43: Peer 1002 receieved a NOT INTERESTED message from Peer 1004
2017-12-05 12:08:43: Peer 1002 has downloaded the PIECE 183 from Peer 1001. Now the number of pieces it has is 184
2017-12-05 12:08:43: Peer 1002 sending HAVE message to Peer 1005
2017-12-05 12:08:43: Peer 1002 sending HAVE message to Peer 1004
2017-12-05 12:08:43: Peer 1002 receieved a NOT INTERESTED message from Peer 1005
2017-12-05 12:08:43: Peer 1002 receieved a NOT INTERESTED message from Peer 1004
2017-12-05 12:08:43: Peer 1002 has downloaded the PIECE 184 from Peer 1001. Now the number of pieces it has is 185
2017-12-05 12:08:43: Peer 1002 sending HAVE message to Peer 1005
2017-12-05 12:08:43: Peer 1002 sending HAVE message to Peer 1004
2017-12-05 12:08:44: Peer 1002 receieved a NOT INTERESTED message from Peer 1005
2017-12-05 12:08:44: Peer 1002 receieved a NOT INTERESTED message from Peer 1004
2017-12-05 12:08:44: Peer 1002 has downloaded the PIECE 185 from Peer 1001. Now the number of pieces it has is 186
2017-12-05 12:08:44: Peer 1002 sending HAVE message to Peer 1005
2017-12-05 12:08:44: Peer 1002 sending HAVE message to Peer 1004
2017-12-05 12:08:44: Peer 1002 receieved a NOT INTERESTED message from Peer 1005
2017-12-05 12:08:44: Peer 1002 receieved a NOT INTERESTED message from Peer 1004
2017-12-05 12:08:44: Peer 1002 has downloaded the PIECE 186 from Peer 1001. Now the number of pieces it has is 187
2017-12-05 12:08:44: Peer 1002 sending HAVE message to Peer 1005
2017-12-05 12:08:44: Peer 1002 sending HAVE message to Peer 1004
2017-12-05 12:08:45: Peer 1002 receieved a NOT INTERESTED message from Peer 1005
2017-12-05 12:08:45: Peer 1002 receieved a NOT INTERESTED message from Peer 1004
2017-12-05 12:08:45: Peer 1002 has downloaded the PIECE 187 from Peer 1001. Now the number of pieces it has is 188
2017-12-05 12:08:45: Peer 1002 sending HAVE message to Peer 1005
2017-12-05 12:08:45: Peer 1002 sending HAVE message to Peer 1004
2017-12-05 12:08:45: Peer 1002 receieved a NOT INTERESTED message from Peer 1005
2017-12-05 12:08:45: Peer 1002 receieved a NOT INTERESTED message from Peer 1004
2017-12-05 12:08:45: Peer 1002 has downloaded the PIECE 188 from Peer 1001. Now the number of pieces it has is 189
2017-12-05 12:08:45: Peer 1002 sending HAVE message to Peer 1005
2017-12-05 12:08:45: Peer 1002 sending HAVE message to Peer 1004
2017-12-05 12:08:46: Peer 1002 receieved a NOT INTERESTED message from Peer 1005
2017-12-05 12:08:46: Peer 1002 receieved a NOT INTERESTED message from Peer 1004
2017-12-05 12:08:46: Peer 1002 has downloaded the PIECE 189 from Peer 1001. Now the number of pieces it has is 190
2017-12-05 12:08:46: Peer 1002 sending HAVE message to Peer 1005
2017-12-05 12:08:46: Peer 1002 sending HAVE message to Peer 1004
2017-12-05 12:08:46: Peer 1002 receieved a NOT INTERESTED message from Peer 1005
2017-12-05 12:08:46: Peer 1002 receieved a NOT INTERESTED message from Peer 1004
2017-12-05 12:08:46: Peer 1002 has downloaded the PIECE 190 from Peer 1001. Now the number of pieces it has is 191
2017-12-05 12:08:46: Peer 1002 sending HAVE message to Peer 1005
2017-12-05 12:08:46: Peer 1002 sending HAVE message to Peer 1004
2017-12-05 12:08:47: Peer 1002 receieved a NOT INTERESTED message from Peer 1005
2017-12-05 12:08:47: Peer 1002 receieved a NOT INTERESTED message from Peer 1004
2017-12-05 12:08:47: Peer 1002 has downloaded the PIECE 191 from Peer 1001. Now the number of pieces it has is 192
2017-12-05 12:08:47: Peer 1002 sending HAVE message to Peer 1005
2017-12-05 12:08:47: Peer 1002 sending HAVE message to Peer 1004
2017-12-05 12:08:47: Peer 1002 receieved a NOT INTERESTED message from Peer 1005
2017-12-05 12:08:47: Peer 1002 receieved a NOT INTERESTED message from Peer 1004
2017-12-05 12:08:47: Peer 1002 has downloaded the PIECE 192 from Peer 1001. Now the number of pieces it has is 193
2017-12-05 12:08:47: Peer 1002 sending HAVE message to Peer 1005
2017-12-05 12:08:47: Peer 1002 sending HAVE message to Peer 1004
2017-12-05 12:08:48: Peer 1002 receieved a NOT INTERESTED message from Peer 1005
2017-12-05 12:08:48: Peer 1002 receieved a NOT INTERESTED message from Peer 1004
2017-12-05 12:08:48: Peer 1002 has downloaded the PIECE 193 from Peer 1001. Now the number of pieces it has is 194
2017-12-05 12:08:48: Peer 1002 sending HAVE message to Peer 1005
2017-12-05 12:08:48: Peer 1002 sending HAVE message to Peer 1004
2017-12-05 12:08:48: Peer 1002 receieved a NOT INTERESTED message from Peer 1005
2017-12-05 12:08:48: Peer 1002 receieved a NOT INTERESTED message from Peer 1004
2017-12-05 12:08:48: Peer 1002 has downloaded the PIECE 194 from Peer 1001. Now the number of pieces it has is 195
2017-12-05 12:08:48: Peer 1002 sending HAVE message to Peer 1005
2017-12-05 12:08:48: Peer 1002 sending HAVE message to Peer 1004
2017-12-05 12:08:49: Peer 1002 receieved a NOT INTERESTED message from Peer 1005
2017-12-05 12:08:49: Peer 1002 receieved a NOT INTERESTED message from Peer 1004
2017-12-05 12:08:49: Peer 1002 has downloaded the PIECE 195 from Peer 1001. Now the number of pieces it has is 196
2017-12-05 12:08:49: Peer 1002 sending HAVE message to Peer 1005
2017-12-05 12:08:49: Peer 1002 sending HAVE message to Peer 1004
2017-12-05 12:08:49: Peer 1002 receieved a NOT INTERESTED message from Peer 1005
2017-12-05 12:08:49: Peer 1002 receieved a NOT INTERESTED message from Peer 1004
2017-12-05 12:08:49: Peer 1002 has downloaded the PIECE 196 from Peer 1001. Now the number of pieces it has is 197
2017-12-05 12:08:49: Peer 1002 sending HAVE message to Peer 1005
2017-12-05 12:08:49: Peer 1002 sending HAVE message to Peer 1004
2017-12-05 12:08:50: Peer 1002 receieved a NOT INTERESTED message from Peer 1005
2017-12-05 12:08:50: Peer 1002 receieved a NOT INTERESTED message from Peer 1004
2017-12-05 12:08:50: Peer 1002 has downloaded the PIECE 197 from Peer 1001. Now the number of pieces it has is 198
2017-12-05 12:08:50: Peer 1002 sending HAVE message to Peer 1005
2017-12-05 12:08:50: Peer 1002 sending HAVE message to Peer 1004
2017-12-05 12:08:50: Peer 1002 receieved a NOT INTERESTED message from Peer 1005
2017-12-05 12:08:50: Peer 1002 receieved a NOT INTERESTED message from Peer 1004
2017-12-05 12:08:50: Peer 1002 has downloaded the PIECE 198 from Peer 1001. Now the number of pieces it has is 199
2017-12-05 12:08:50: Peer 1002 sending HAVE message to Peer 1005
2017-12-05 12:08:50: Peer 1002 sending HAVE message to Peer 1004
2017-12-05 12:08:51: Peer 1002 receieved a NOT INTERESTED message from Peer 1005
2017-12-05 12:08:51: Peer 1002 receieved a NOT INTERESTED message from Peer 1004
2017-12-05 12:08:51: Peer 1002 has downloaded the PIECE 199 from Peer 1001. Now the number of pieces it has is 200
2017-12-05 12:08:51: Peer 1002 sending HAVE message to Peer 1005
2017-12-05 12:08:51: Peer 1002 sending HAVE message to Peer 1004
2017-12-05 12:08:51: Peer 1002 receieved a NOT INTERESTED message from Peer 1005
2017-12-05 12:08:51: Peer 1002 receieved a NOT INTERESTED message from Peer 1004
2017-12-05 12:08:51: Peer 1002 has downloaded the PIECE 200 from Peer 1001. Now the number of pieces it has is 201
2017-12-05 12:08:51: Peer 1002 sending HAVE message to Peer 1005
2017-12-05 12:08:51: Peer 1002 sending HAVE message to Peer 1004
2017-12-05 12:08:52: Peer 1002 receieved a NOT INTERESTED message from Peer 1005
2017-12-05 12:08:52: Peer 1002 receieved a NOT INTERESTED message from Peer 1004
2017-12-05 12:08:52: Peer 1002 has downloaded the PIECE 201 from Peer 1001. Now the number of pieces it has is 202
2017-12-05 12:08:52: Peer 1002 sending HAVE message to Peer 1005
2017-12-05 12:08:52: Peer 1002 sending HAVE message to Peer 1004
2017-12-05 12:08:52: Peer 1002 receieved a NOT INTERESTED message from Peer 1004
2017-12-05 12:08:52: Peer 1002 receieved a NOT INTERESTED message from Peer 1005
2017-12-05 12:08:52: Peer 1002 has downloaded the PIECE 202 from Peer 1001. Now the number of pieces it has is 203
2017-12-05 12:08:52: Peer 1002 sending HAVE message to Peer 1005
2017-12-05 12:08:52: Peer 1002 sending HAVE message to Peer 1004
2017-12-05 12:08:53: Peer 1002 receieved a NOT INTERESTED message from Peer 1004
2017-12-05 12:08:53: Peer 1002 receieved a NOT INTERESTED message from Peer 1005
2017-12-05 12:08:53: Peer 1002 has downloaded the PIECE 203 from Peer 1001. Now the number of pieces it has is 204
2017-12-05 12:08:53: Peer 1002 sending HAVE message to Peer 1005
2017-12-05 12:08:53: Peer 1002 sending HAVE message to Peer 1004
2017-12-05 12:08:53: Peer 1002 receieved a NOT INTERESTED message from Peer 1004
2017-12-05 12:08:53: Peer 1002 receieved a NOT INTERESTED message from Peer 1005
2017-12-05 12:08:53: Peer 1002 has downloaded the PIECE 204 from Peer 1001. Now the number of pieces it has is 205
2017-12-05 12:08:53: Peer 1002 sending HAVE message to Peer 1005
2017-12-05 12:08:53: Peer 1002 sending HAVE message to Peer 1004
2017-12-05 12:08:54: Peer 1002 receieved a NOT INTERESTED message from Peer 1004
2017-12-05 12:08:54: Peer 1002 receieved a NOT INTERESTED message from Peer 1005
2017-12-05 12:08:54: Peer 1002 has downloaded the PIECE 205 from Peer 1001. Now the number of pieces it has is 206
2017-12-05 12:08:54: Peer 1002 sending HAVE message to Peer 1005
2017-12-05 12:08:54: Peer 1002 sending HAVE message to Peer 1004
2017-12-05 12:08:54: Peer 1002 receieved a NOT INTERESTED message from Peer 1004
2017-12-05 12:08:54: Peer 1002 has downloaded the PIECE 206 from Peer 1001. Now the number of pieces it has is 207
2017-12-05 12:08:54: Peer 1002 sending HAVE message to Peer 1005
2017-12-05 12:08:54: Peer 1002 sending HAVE message to Peer 1004
2017-12-05 12:08:54: Peer 1002 receieved a NOT INTERESTED message from Peer 1005
2017-12-05 12:08:55: Peer 1002 receieved a NOT INTERESTED message from Peer 1004
2017-12-05 12:08:55: Peer 1002 is CHOKED by Peer 1001
2017-12-05 12:09:10: Peer 1002 sending an INTERESTED message to Peer 1001
2017-12-05 12:09:10: Peer 1002 receieved HAVE message from Peer 1001
2017-12-05 12:09:10: Peer 1002 sending an INTERESTED message to Peer 1001
2017-12-05 12:09:10: Peer 1002 is UNCHOKED by Peer 1001
2017-12-05 12:09:11: Peer 1002 has downloaded the PIECE 207 from Peer 1001. Now the number of pieces it has is 208
2017-12-05 12:09:11: Peer 1002 sending HAVE message to Peer 1005
2017-12-05 12:09:11: Peer 1002 sending HAVE message to Peer 1004
2017-12-05 12:09:11: Peer 1002 receieved a NOT INTERESTED message from Peer 1005
2017-12-05 12:09:11: Peer 1002 has downloaded the PIECE 208 from Peer 1001. Now the number of pieces it has is 209
2017-12-05 12:09:11: Peer 1002 sending HAVE message to Peer 1005
2017-12-05 12:09:11: Peer 1002 sending HAVE message to Peer 1004
2017-12-05 12:09:11: Peer 1002 receieved a NOT INTERESTED message from Peer 1004
2017-12-05 12:09:12: Peer 1002 receieved a NOT INTERESTED message from Peer 1005
2017-12-05 12:09:12: Peer 1002 has downloaded the PIECE 209 from Peer 1001. Now the number of pieces it has is 210
2017-12-05 12:09:12: Peer 1002 sending HAVE message to Peer 1005
2017-12-05 12:09:12: Peer 1002 sending HAVE message to Peer 1004
2017-12-05 12:09:12: Peer 1002 receieved a NOT INTERESTED message from Peer 1004
2017-12-05 12:09:12: Peer 1002 receieved a NOT INTERESTED message from Peer 1005
2017-12-05 12:09:12: Peer 1002 has downloaded the PIECE 210 from Peer 1001. Now the number of pieces it has is 211
2017-12-05 12:09:12: Peer 1002 sending HAVE message to Peer 1005
2017-12-05 12:09:12: Peer 1002 sending HAVE message to Peer 1004
2017-12-05 12:09:12: Peer 1002 receieved a NOT INTERESTED message from Peer 1004
2017-12-05 12:09:13: Peer 1002 receieved a NOT INTERESTED message from Peer 1005
2017-12-05 12:09:13: Peer 1002 has downloaded the PIECE 211 from Peer 1001. Now the number of pieces it has is 212
2017-12-05 12:09:13: Peer 1002 sending HAVE message to Peer 1005
2017-12-05 12:09:13: Peer 1002 receieved a NOT INTERESTED message from Peer 1005
2017-12-05 12:09:13: Peer 1002 has downloaded the PIECE 212 from Peer 1001. Now the number of pieces it has is 213
2017-12-05 12:09:13: Peer 1002 sending HAVE message to Peer 1005
2017-12-05 12:09:14: Peer 1002 receieved a NOT INTERESTED message from Peer 1005
2017-12-05 12:09:14: Peer 1002 has downloaded the PIECE 213 from Peer 1001. Now the number of pieces it has is 214
2017-12-05 12:09:14: Peer 1002 sending HAVE message to Peer 1005
2017-12-05 12:09:14: Peer 1002 receieved a NOT INTERESTED message from Peer 1005
2017-12-05 12:09:14: Peer 1002 has downloaded the PIECE 214 from Peer 1001. Now the number of pieces it has is 215
2017-12-05 12:09:14: Peer 1002 sending HAVE message to Peer 1005
2017-12-05 12:09:15: Peer 1002 receieved a NOT INTERESTED message from Peer 1005
2017-12-05 12:09:15: Peer 1002 has downloaded the PIECE 215 from Peer 1001. Now the number of pieces it has is 216
2017-12-05 12:09:15: Peer 1002 sending HAVE message to Peer 1005
2017-12-05 12:09:15: Peer 1002 receieved a NOT INTERESTED message from Peer 1005
2017-12-05 12:09:15: Peer 1002 has downloaded the PIECE 216 from Peer 1001. Now the number of pieces it has is 217
2017-12-05 12:09:15: Peer 1002 sending HAVE message to Peer 1005
2017-12-05 12:09:16: Peer 1002 receieved a NOT INTERESTED message from Peer 1005
2017-12-05 12:09:16: Peer 1002 has downloaded the PIECE 217 from Peer 1001. Now the number of pieces it has is 218
2017-12-05 12:09:16: Peer 1002 sending HAVE message to Peer 1005
2017-12-05 12:09:16: Peer 1002 receieved a NOT INTERESTED message from Peer 1005
2017-12-05 12:09:16: Peer 1002 has downloaded the PIECE 218 from Peer 1001. Now the number of pieces it has is 219
2017-12-05 12:09:17: Peer 1002 has downloaded the PIECE 219 from Peer 1001. Now the number of pieces it has is 220
2017-12-05 12:09:17: Peer 1002 has downloaded the PIECE 220 from Peer 1001. Now the number of pieces it has is 221
2017-12-05 12:09:18: Peer 1002 has downloaded the PIECE 221 from Peer 1001. Now the number of pieces it has is 222
2017-12-05 12:09:18: Peer 1002 has downloaded the PIECE 222 from Peer 1001. Now the number of pieces it has is 223
2017-12-05 12:09:19: Peer 1002 has downloaded the PIECE 223 from Peer 1001. Now the number of pieces it has is 224
2017-12-05 12:09:19: Peer 1002 has downloaded the PIECE 224 from Peer 1001. Now the number of pieces it has is 225
2017-12-05 12:09:20: Peer 1002 has downloaded the PIECE 225 from Peer 1001. Now the number of pieces it has is 226
2017-12-05 12:09:20: Peer 1002 has downloaded the PIECE 226 from Peer 1001. Now the number of pieces it has is 227
2017-12-05 12:09:21: Peer 1002 has downloaded the PIECE 227 from Peer 1001. Now the number of pieces it has is 228
2017-12-05 12:09:21: Peer 1002 has downloaded the PIECE 228 from Peer 1001. Now the number of pieces it has is 229
2017-12-05 12:09:22: Peer 1002 has downloaded the PIECE 229 from Peer 1001. Now the number of pieces it has is 230
2017-12-05 12:09:22: Peer 1002 has downloaded the PIECE 230 from Peer 1001. Now the number of pieces it has is 231
2017-12-05 12:09:23: Peer 1002 has downloaded the PIECE 231 from Peer 1001. Now the number of pieces it has is 232
2017-12-05 12:09:23: Peer 1002 has downloaded the PIECE 232 from Peer 1001. Now the number of pieces it has is 233
2017-12-05 12:09:24: Peer 1002 has downloaded the PIECE 233 from Peer 1001. Now the number of pieces it has is 234
2017-12-05 12:09:24: Peer 1002 has downloaded the PIECE 234 from Peer 1001. Now the number of pieces it has is 235
2017-12-05 12:09:25: Peer 1002 has downloaded the PIECE 235 from Peer 1001. Now the number of pieces it has is 236
2017-12-05 12:09:25: Peer 1002 has downloaded the PIECE 236 from Peer 1001. Now the number of pieces it has is 237
2017-12-05 12:09:26: Peer 1002 has downloaded the PIECE 237 from Peer 1001. Now the number of pieces it has is 238
2017-12-05 12:09:26: Peer 1002 has downloaded the PIECE 238 from Peer 1001. Now the number of pieces it has is 239
2017-12-05 12:09:27: Peer 1002 has downloaded the PIECE 239 from Peer 1001. Now the number of pieces it has is 240
2017-12-05 12:09:27: Peer 1002 has downloaded the PIECE 240 from Peer 1001. Now the number of pieces it has is 241
2017-12-05 12:09:28: Peer 1002 has downloaded the PIECE 241 from Peer 1001. Now the number of pieces it has is 242
2017-12-05 12:09:28: Peer 1002 has downloaded the PIECE 242 from Peer 1001. Now the number of pieces it has is 243
2017-12-05 12:09:29: Peer 1002 has downloaded the PIECE 243 from Peer 1001. Now the number of pieces it has is 244
2017-12-05 12:09:29: Peer 1002 has downloaded the PIECE 244 from Peer 1001. Now the number of pieces it has is 245
2017-12-05 12:09:30: Peer 1002 has downloaded the PIECE 245 from Peer 1001. Now the number of pieces it has is 246
2017-12-05 12:09:30: Peer 1002 has downloaded the PIECE 246 from Peer 1001. Now the number of pieces it has is 247
2017-12-05 12:09:31: Peer 1002 has downloaded the PIECE 247 from Peer 1001. Now the number of pieces it has is 248
2017-12-05 12:09:31: Peer 1002 has downloaded the PIECE 248 from Peer 1001. Now the number of pieces it has is 249
2017-12-05 12:09:32: Peer 1002 has downloaded the PIECE 249 from Peer 1001. Now the number of pieces it has is 250
2017-12-05 12:09:32: Peer 1002 has downloaded the PIECE 250 from Peer 1001. Now the number of pieces it has is 251
2017-12-05 12:09:33: Peer 1002 has downloaded the PIECE 251 from Peer 1001. Now the number of pieces it has is 252
2017-12-05 12:09:33: Peer 1002 has downloaded the PIECE 252 from Peer 1001. Now the number of pieces it has is 253
2017-12-05 12:09:34: Peer 1002 has downloaded the PIECE 253 from Peer 1001. Now the number of pieces it has is 254
2017-12-05 12:09:34: Peer 1002 has downloaded the PIECE 254 from Peer 1001. Now the number of pieces it has is 255
2017-12-05 12:09:35: Peer 1002 has downloaded the PIECE 255 from Peer 1001. Now the number of pieces it has is 256
2017-12-05 12:09:35: Peer 1002 has downloaded the PIECE 256 from Peer 1001. Now the number of pieces it has is 257
2017-12-05 12:09:36: Peer 1002 has downloaded the PIECE 257 from Peer 1001. Now the number of pieces it has is 258
2017-12-05 12:09:36: Peer 1002 has downloaded the PIECE 258 from Peer 1001. Now the number of pieces it has is 259
2017-12-05 12:09:37: Peer 1002 has downloaded the PIECE 259 from Peer 1001. Now the number of pieces it has is 260
2017-12-05 12:09:37: Peer 1002 has downloaded the PIECE 260 from Peer 1001. Now the number of pieces it has is 261
2017-12-05 12:09:38: Peer 1002 has downloaded the PIECE 261 from Peer 1001. Now the number of pieces it has is 262
2017-12-05 12:09:38: Peer 1002 has downloaded the PIECE 262 from Peer 1001. Now the number of pieces it has is 263
2017-12-05 12:09:39: Peer 1002 has downloaded the PIECE 263 from Peer 1001. Now the number of pieces it has is 264
2017-12-05 12:09:39: Peer 1002 has downloaded the PIECE 264 from Peer 1001. Now the number of pieces it has is 265
2017-12-05 12:09:40: Peer 1002 has downloaded the PIECE 265 from Peer 1001. Now the number of pieces it has is 266
2017-12-05 12:09:40: Peer 1002 has downloaded the PIECE 266 from Peer 1001. Now the number of pieces it has is 267
2017-12-05 12:09:41: Peer 1002 has downloaded the PIECE 267 from Peer 1001. Now the number of pieces it has is 268
2017-12-05 12:09:41: Peer 1002 has downloaded the PIECE 268 from Peer 1001. Now the number of pieces it has is 269
2017-12-05 12:09:42: Peer 1002 has downloaded the PIECE 269 from Peer 1001. Now the number of pieces it has is 270
2017-12-05 12:09:42: Peer 1002 has downloaded the PIECE 270 from Peer 1001. Now the number of pieces it has is 271
2017-12-05 12:09:43: Peer 1002 has downloaded the PIECE 271 from Peer 1001. Now the number of pieces it has is 272
2017-12-05 12:09:43: Peer 1002 has downloaded the PIECE 272 from Peer 1001. Now the number of pieces it has is 273
2017-12-05 12:09:44: Peer 1002 has downloaded the PIECE 273 from Peer 1001. Now the number of pieces it has is 274
2017-12-05 12:09:44: Peer 1002 has downloaded the PIECE 274 from Peer 1001. Now the number of pieces it has is 275
2017-12-05 12:09:45: Peer 1002 has downloaded the PIECE 275 from Peer 1001. Now the number of pieces it has is 276
2017-12-05 12:09:45: Peer 1002 has downloaded the PIECE 276 from Peer 1001. Now the number of pieces it has is 277
2017-12-05 12:09:46: Peer 1002 has downloaded the PIECE 277 from Peer 1001. Now the number of pieces it has is 278
2017-12-05 12:09:46: Peer 1002 has downloaded the PIECE 278 from Peer 1001. Now the number of pieces it has is 279
2017-12-05 12:09:47: Peer 1002 has downloaded the PIECE 279 from Peer 1001. Now the number of pieces it has is 280
2017-12-05 12:09:47: Peer 1002 has downloaded the PIECE 280 from Peer 1001. Now the number of pieces it has is 281
2017-12-05 12:09:48: Peer 1002 has downloaded the PIECE 281 from Peer 1001. Now the number of pieces it has is 282
2017-12-05 12:09:49: Peer 1002 has downloaded the PIECE 282 from Peer 1001. Now the number of pieces it has is 283
2017-12-05 12:09:49: Peer 1002 has downloaded the PIECE 283 from Peer 1001. Now the number of pieces it has is 284
2017-12-05 12:09:50: Peer 1002 has downloaded the PIECE 284 from Peer 1001. Now the number of pieces it has is 285
2017-12-05 12:09:50: Peer 1002 has downloaded the PIECE 285 from Peer 1001. Now the number of pieces it has is 286
2017-12-05 12:09:51: Peer 1002 has downloaded the PIECE 286 from Peer 1001. Now the number of pieces it has is 287
2017-12-05 12:09:51: Peer 1002 has downloaded the PIECE 287 from Peer 1001. Now the number of pieces it has is 288
2017-12-05 12:09:52: Peer 1002 has downloaded the PIECE 288 from Peer 1001. Now the number of pieces it has is 289
2017-12-05 12:09:52: Peer 1002 has downloaded the PIECE 289 from Peer 1001. Now the number of pieces it has is 290
2017-12-05 12:09:53: Peer 1002 has downloaded the PIECE 290 from Peer 1001. Now the number of pieces it has is 291
2017-12-05 12:09:53: Peer 1002 has downloaded the PIECE 291 from Peer 1001. Now the number of pieces it has is 292
2017-12-05 12:09:54: Peer 1002 has downloaded the PIECE 292 from Peer 1001. Now the number of pieces it has is 293
2017-12-05 12:09:54: Peer 1002 has downloaded the PIECE 293 from Peer 1001. Now the number of pieces it has is 294
2017-12-05 12:09:55: Peer 1002 has downloaded the PIECE 294 from Peer 1001. Now the number of pieces it has is 295
2017-12-05 12:09:55: Peer 1002 has downloaded the PIECE 295 from Peer 1001. Now the number of pieces it has is 296
2017-12-05 12:09:56: Peer 1002 has downloaded the PIECE 296 from Peer 1001. Now the number of pieces it has is 297
2017-12-05 12:09:56: Peer 1002 has downloaded the PIECE 297 from Peer 1001. Now the number of pieces it has is 298
2017-12-05 12:09:57: Peer 1002 has downloaded the PIECE 298 from Peer 1001. Now the number of pieces it has is 299
2017-12-05 12:09:57: Peer 1002 has downloaded the PIECE 299 from Peer 1001. Now the number of pieces it has is 300
2017-12-05 12:09:58: Peer 1002 has downloaded the PIECE 300 from Peer 1001. Now the number of pieces it has is 301
2017-12-05 12:09:58: Peer 1002 has downloaded the PIECE 301 from Peer 1001. Now the number of pieces it has is 302
2017-12-05 12:09:59: Peer 1002 has downloaded the PIECE 302 from Peer 1001. Now the number of pieces it has is 303
2017-12-05 12:09:59: Peer 1002 has downloaded the PIECE 303 from Peer 1001. Now the number of pieces it has is 304
2017-12-05 12:10:00: Peer 1002 has downloaded the PIECE 304 from Peer 1001. Now the number of pieces it has is 305
2017-12-05 12:10:00: Peer 1002 has downloaded the PIECE 305 from Peer 1001. Now the number of pieces it has is 306
2017-12-05 12:10:01: Peer 1002 has downloaded the PIECE 306 from Peer 1001. Now the number of pieces it has is 307
2017-12-05 12:10:01: Peer 1002 has downloaded the PIECE 307 from Peer 1001. Now the number of pieces it has is 308
2017-12-05 12:10:02: Peer 1002 has downloaded the PIECE 308 from Peer 1001. Now the number of pieces it has is 309
2017-12-05 12:10:02: Peer 1002 has downloaded the PIECE 309 from Peer 1001. Now the number of pieces it has is 310
2017-12-05 12:10:03: Peer 1002 has downloaded the PIECE 310 from Peer 1001. Now the number of pieces it has is 311
2017-12-05 12:10:03: Peer 1002 has downloaded the PIECE 311 from Peer 1001. Now the number of pieces it has is 312
2017-12-05 12:10:04: Peer 1002 has downloaded the PIECE 312 from Peer 1001. Now the number of pieces it has is 313
2017-12-05 12:10:04: Peer 1002 has downloaded the PIECE 313 from Peer 1001. Now the number of pieces it has is 314
2017-12-05 12:10:05: Peer 1002 has downloaded the PIECE 314 from Peer 1001. Now the number of pieces it has is 315
2017-12-05 12:10:05: Peer 1002 has downloaded the PIECE 315 from Peer 1001. Now the number of pieces it has is 316
2017-12-05 12:10:06: Peer 1002 has downloaded the PIECE 316 from Peer 1001. Now the number of pieces it has is 317
2017-12-05 12:10:06: Peer 1002 has downloaded the PIECE 317 from Peer 1001. Now the number of pieces it has is 318
2017-12-05 12:10:07: Peer 1002 has downloaded the PIECE 318 from Peer 1001. Now the number of pieces it has is 319
2017-12-05 12:10:07: Peer 1002 has DOWNLOADED the complete file.
2017-12-05 12:10:10: Peer All peers have completed downloading the file.
2017-12-05 12:10:12: Peer 1002 Peer process is exiting..
